Windows PowerShell
Copyright (C) Microsoft Corporation. All rights reserved.

Install the latest PowerShell for new features and improvements! https://aka.ms/PSWindows

(.venv) PS D:\PythonProject\LLM_Multi_Agent> # fresh venv is best; at least clear leftover env flags
(.venv) PS D:\PythonProject\LLM_Multi_Agent> Remove-Item Env:CMAKE_ARGS, Env:CMAKE_GENERATOR, Env:FORCE_CMAKE, Env:CUDAARCHS -ErrorAction SilentlyContinue
(.venv) PS D:\PythonProject\LLM_Multi_Agent>
(.venv) PS D:\PythonProject\LLM_Multi_Agent> python -m pip install -U pip
Requirement already satisfied: pip in d:\pythonproject\llm_multi_agent\.venv\lib\site-packages (25.2)
(.venv) PS D:\PythonProject\LLM_Multi_Agent> # Install the prebuilt cu124 wheel from the project’s extra index
(.venv) PS D:\PythonProject\LLM_Multi_Agent> pip install --extra-index-url https://abetlen.github.io/llama-cpp-python/whl/cu124 ^
ERROR: Invalid requirement: '^': Expected package name at the start of dependency specifier
    ^
    ^
(.venv) PS D:\PythonProject\LLM_Multi_Agent>   "llama-cpp-python==0.3.2"
llama-cpp-python==0.3.2
(.venv) PS D:\PythonProject\LLM_Multi_Agent> pip install --extra-index-url https://abetlen.github.io/llama-cpp-python/whl/cu124 llama-cpp-python==0.3.2
Looking in indexes: https://pypi.org/simple, https://abetlen.github.io/llama-cpp-python/whl/cu124
Collecting llama-cpp-python==0.3.2
  Using cached llama_cpp_python-0.3.2.tar.gz (65.0 MB)
  Installing build dependencies ... done
  Getting requirements to build wheel ... done
  Installing backend dependencies ... done
  Preparing metadata (pyproject.toml) ... done
Requirement already satisfied: typing-extensions>=4.5.0 in d:\pythonproject\llm_multi_agent\.venv\lib\site-packages (from llama-cpp-python==0.3.2) (4.14.1)
Requirement already satisfied: numpy>=1.20.0 in d:\pythonproject\llm_multi_agent\.venv\lib\site-packages (from llama-cpp-python==0.3.2) (1.26.4)
Requirement already satisfied: diskcache>=5.6.1 in d:\pythonproject\llm_multi_agent\.venv\lib\site-packages (from llama-cpp-python==0.3.2) (5.6.3)
Requirement already satisfied: jinja2>=2.11.3 in d:\pythonproject\llm_multi_agent\.venv\lib\site-packages (from llama-cpp-python==0.3.2) (3.1.6)
Requirement already satisfied: MarkupSafe>=2.0 in d:\pythonproject\llm_multi_agent\.venv\lib\site-packages (from jinja2>=2.11.3->llama-cpp-python==0.3.2) (3.0.2)
Building wheels for collected packages: llama-cpp-python
  Building wheel for llama-cpp-python (pyproject.toml) ... error
  error: subprocess-exited-with-error

  × Building wheel for llama-cpp-python (pyproject.toml) did not run successfully.
  │ exit code: 1
  ╰─> [624 lines of output]
      *** scikit-build-core 0.11.5 using CMake 4.0.3 (wheel)
      *** Configuring CMake...
      2025-08-10 22:42:06,061 - scikit_build_core - WARNING - Can't find a Python library, got libdir=None, ldlibrary=None, multiarch=None, masd=None
      loading initial cache file C:\Users\pkidw\AppData\Local\Temp\tmpfnv2jc_f\build\CMakeInit.txt
      -- Building for: Visual Studio 17 2022
      -- Selecting Windows SDK version 10.0.19041.0 to target Windows 10.0.26100.
      -- The C compiler identification is MSVC 19.44.35214.0
      -- The CXX compiler identification is MSVC 19.44.35214.0
      -- Detecting C compiler ABI info
      -- Detecting C compiler ABI info - done
      -- Check for working C compiler: C:/Program Files (x86)/Microsoft Visual Studio/2022/BuildTools/VC/Tools/MSVC/14.44.35207/bin/Hostx64/x64/cl.exe - skipped
      -- Detecting C compile features
      -- Detecting C compile features - done
      -- Detecting CXX compiler ABI info
      -- Detecting CXX compiler ABI info - done
      -- Check for working CXX compiler: C:/Program Files (x86)/Microsoft Visual Studio/2022/BuildTools/VC/Tools/MSVC/14.44.35207/bin/Hostx64/x64/cl.exe - skipped
      -- Detecting CXX compile features
      -- Detecting CXX compile features - done
      -- Found Git: C:/Program Files/Git/cmd/git.exe (found version "2.50.1.windows.1")
      -- Performing Test CMAKE_HAVE_LIBC_PTHREAD
      -- Performing Test CMAKE_HAVE_LIBC_PTHREAD - Failed
      -- Looking for pthread_create in pthreads
      -- Looking for pthread_create in pthreads - not found
      -- Looking for pthread_create in pthread
      -- Looking for pthread_create in pthread - not found
      -- Found Threads: TRUE
      -- Warning: ccache not found - consider installing it for faster compilation or disable this warning with GGML_CCACHE=OFF
      -- CMAKE_SYSTEM_PROCESSOR: AMD64
      -- CMAKE_GENERATOR_PLATFORM: x64
      -- Found OpenMP_C: -openmp (found version "2.0")
      -- Found OpenMP_CXX: -openmp (found version "2.0")
      -- Found OpenMP: TRUE (found version "2.0")
      -- OpenMP found
      -- Using llamafile
      -- x86 detected
      -- Performing Test HAS_AVX_1
      -- Performing Test HAS_AVX_1 - Success
      -- Performing Test HAS_AVX2_1
      -- Performing Test HAS_AVX2_1 - Success
      -- Performing Test HAS_FMA_1
      -- Performing Test HAS_FMA_1 - Success
      -- Performing Test HAS_AVX512_1
      -- Performing Test HAS_AVX512_1 - Failed
      -- Performing Test HAS_AVX512_2
      -- Performing Test HAS_AVX512_2 - Failed
      -- Using runtime weight conversion of Q4_0 to Q4_0_x_x to enable optimized GEMM/GEMV kernels
      -- Including CPU backend
      -- Using AMX
      -- Including AMX backend
      CMake Warning (dev) at CMakeLists.txt:13 (install):
        Target llama has PUBLIC_HEADER files but no PUBLIC_HEADER DESTINATION.
      Call Stack (most recent call first):
        CMakeLists.txt:80 (llama_cpp_python_install_target)
      This warning is for project developers.  Use -Wno-dev to suppress it.

      CMake Warning (dev) at CMakeLists.txt:21 (install):
        Target llama has PUBLIC_HEADER files but no PUBLIC_HEADER DESTINATION.
      Call Stack (most recent call first):
        CMakeLists.txt:80 (llama_cpp_python_install_target)
      This warning is for project developers.  Use -Wno-dev to suppress it.

      CMake Warning (dev) at CMakeLists.txt:13 (install):
        Target ggml has PUBLIC_HEADER files but no PUBLIC_HEADER DESTINATION.
      Call Stack (most recent call first):
        CMakeLists.txt:81 (llama_cpp_python_install_target)
      This warning is for project developers.  Use -Wno-dev to suppress it.

      CMake Warning (dev) at CMakeLists.txt:21 (install):
        Target ggml has PUBLIC_HEADER files but no PUBLIC_HEADER DESTINATION.
      Call Stack (most recent call first):
        CMakeLists.txt:81 (llama_cpp_python_install_target)
      This warning is for project developers.  Use -Wno-dev to suppress it.

      -- Configuring done (8.4s)
      -- Generating done (0.1s)
      -- Build files have been written to: C:/Users/pkidw/AppData/Local/Temp/tmpfnv2jc_f/build
      *** Building project with Visual Studio 17 2022...
      Change Dir: 'C:/Users/pkidw/AppData/Local/Temp/tmpfnv2jc_f/build'

      Run Build Command(s): "C:/Program Files (x86)/Microsoft Visual Studio/2022/BuildTools/MSBuild/Current/Bin/amd64/MSBuild.exe" ALL_BUILD.vcxproj /p:Configuration=Release /p:Platform=x64 /p:VisualStudioVersion=17.0 /v:n
      MSBuild version 17.14.18+a338add32 for .NET Framework
      Build started 8/10/2025 10:42:14 PM.

      Project "C:\Users\pkidw\AppData\Local\Temp\tmpfnv2jc_f\build\ALL_BUILD.vcxproj" on node 1 (default targets).
      Project "C:\Users\pkidw\AppData\Local\Temp\tmpfnv2jc_f\build\ALL_BUILD.vcxproj" (1) is building "C:\Users\pkidw\AppData\Local\Temp\tmpfnv2jc_f\build\ZERO_CHECK.vcxproj" (2) on node 1 (default targets).
      PrepareForBuild:
        Creating directory "x64\Release\ZERO_CHECK\".
      C:\Program Files (x86)\Microsoft Visual Studio\2022\BuildTools\MSBuild\Microsoft\VC\v170\Microsoft.CppBuild.targets(548,5): warning MSB8029: The Intermedi
ate directory or Output directory cannot reside under the Temporary directory as it could lead to issues with incremental build. [C:\Users\pkidw\AppData\Local\Temp\tmpfnv2jc_f\build\ZERO_CHECK.vcxproj]
        Structured output is enabled. The formatting of compiler diagnostics will reflect the error hierarchy. See https://aka.ms/cpp/structured-output for more details.
        Creating directory "x64\Release\ZERO_CHECK\ZERO_CHECK.tlog\".
      InitializeBuildStatus:
        Creating "x64\Release\ZERO_CHECK\ZERO_CHECK.tlog\unsuccessfulbuild" because "AlwaysCreate" was specified.
        Touching "x64\Release\ZERO_CHECK\ZERO_CHECK.tlog\unsuccessfulbuild".
      CustomBuild:
        1>Checking Build System
      FinalizeBuildStatus:
        Deleting file "x64\Release\ZERO_CHECK\ZERO_CHECK.tlog\unsuccessfulbuild".
        Touching "x64\Release\ZERO_CHECK\ZERO_CHECK.tlog\ZERO_CHECK.lastbuildstate".
      Done Building Project "C:\Users\pkidw\AppData\Local\Temp\tmpfnv2jc_f\build\ZERO_CHECK.vcxproj" (default targets).
      Project "C:\Users\pkidw\AppData\Local\Temp\tmpfnv2jc_f\build\ALL_BUILD.vcxproj" (1) is building "C:\Users\pkidw\AppData\Local\Temp\tmpfnv2jc_f\build\vendor\llama.cpp\common\build_info.vcxproj" (3) on node 1 (default targets).
      PrepareForBuild:
        Creating directory "build_info.dir\Release\".
      C:\Program Files (x86)\Microsoft Visual Studio\2022\BuildTools\MSBuild\Microsoft\VC\v170\Microsoft.CppBuild.targets(548,5): warning MSB8029: The Intermedi
ate directory or Output directory cannot reside under the Temporary directory as it could lead to issues with incremental build. [C:\Users\pkidw\AppData\Local\Temp\tmpfnv2jc_f\build\vendor\llama.cpp\common\build_info.vcxproj]
        Structured output is enabled. The formatting of compiler diagnostics will reflect the error hierarchy. See https://aka.ms/cpp/structured-output for more details.
        Creating directory "build_info.dir\Release\build_info.tlog\".
      InitializeBuildStatus:
        Creating "build_info.dir\Release\build_info.tlog\unsuccessfulbuild" because "AlwaysCreate" was specified.
        Touching "build_info.dir\Release\build_info.tlog\unsuccessfulbuild".
      CustomBuild:
        Generating build details from Git
        -- Found Git: C:/Program Files/Git/cmd/git.exe (found version "2.50.1.windows.1")
        Building Custom Rule C:/Users/pkidw/AppData/Local/Temp/pip-install-cfvsgpbi/llama-cpp-python_c82fd4343afa4b88ab294fe033ca0bc4/vendor/llama.cpp/common/CMakeLists.txt
      ClCompile:
        C:\Program Files (x86)\Microsoft Visual Studio\2022\BuildTools\VC\Tools\MSVC\14.44.35207\bin\HostX64\x64\CL.exe /c /nologo /W1 /WX- /diagnostics:column
/O2 /Ob2 /D _MBCS /D WIN32 /D _WINDOWS /D NDEBUG /D _CRT_SECURE_NO_WARNINGS /D "CMAKE_INTDIR=\"Release\"" /EHsc /MD /GS /fp:precise /Zc:wchar_t /Zc:forScope /Zc
:inline /Fo"build_info.dir\Release\\" /Fd"build_info.dir\Release\build_info.pdb" /external:W1 /Gd /TP /errorReport:queue "C:\Users\pkidw\AppData\Local\Temp\pip-install-cfvsgpbi\llama-cpp-python_c82fd4343afa4b88ab294fe033ca0bc4\vendor\llama.cpp\common\build-info.cpp"
        build-info.cpp
      Lib:
        C:\Program Files (x86)\Microsoft Visual Studio\2022\BuildTools\VC\Tools\MSVC\14.44.35207\bin\HostX64\x64\Lib.exe /OUT:"build_info.dir\Release\build_info.lib" /NOLOGO /MACHINE:X64  /machine:x64 "build_info.dir\Release\build-info.obj"
        build_info.vcxproj -> C:\Users\pkidw\AppData\Local\Temp\tmpfnv2jc_f\build\vendor\llama.cpp\common\build_info.dir\Release\build_info.lib
      FinalizeBuildStatus:
        Deleting file "build_info.dir\Release\build_info.tlog\unsuccessfulbuild".
        Touching "build_info.dir\Release\build_info.tlog\build_info.lastbuildstate".
      Done Building Project "C:\Users\pkidw\AppData\Local\Temp\tmpfnv2jc_f\build\vendor\llama.cpp\common\build_info.vcxproj" (default targets).
      Project "C:\Users\pkidw\AppData\Local\Temp\tmpfnv2jc_f\build\ALL_BUILD.vcxproj" (1) is building "C:\Users\pkidw\AppData\Local\Temp\tmpfnv2jc_f\build\vendor\llama.cpp\examples\llava\llava.vcxproj" (4) on node 1 (default targets).
      Project "C:\Users\pkidw\AppData\Local\Temp\tmpfnv2jc_f\build\vendor\llama.cpp\examples\llava\llava.vcxproj" (4) is building "C:\Users\pkidw\AppData\Local\Temp\tmpfnv2jc_f\build\vendor\llama.cpp\ggml\src\ggml.vcxproj" (5) on node 1 (default targets).
      Project "C:\Users\pkidw\AppData\Local\Temp\tmpfnv2jc_f\build\vendor\llama.cpp\ggml\src\ggml.vcxproj" (5) is building "C:\Users\pkidw\AppData\Local\Temp\tmpfnv2jc_f\build\vendor\llama.cpp\ggml\src\ggml-amx\ggml-amx.vcxproj" (6) on node 1 (default targets).
      Project "C:\Users\pkidw\AppData\Local\Temp\tmpfnv2jc_f\build\vendor\llama.cpp\ggml\src\ggml-amx\ggml-amx.vcxproj" (6) is building "C:\Users\pkidw\AppData\Local\Temp\tmpfnv2jc_f\build\vendor\llama.cpp\ggml\src\ggml-base.vcxproj" (7) on node 1 (default targets).
      C:\Program Files (x86)\Microsoft Visual Studio\2022\BuildTools\MSBuild\Microsoft\VC\v170\Microsoft.CppBuild.targets(548,5): warning MSB8029: The Intermedi
ate directory or Output directory cannot reside under the Temporary directory as it could lead to issues with incremental build. [C:\Users\pkidw\AppData\Local\Temp\tmpfnv2jc_f\build\vendor\llama.cpp\ggml\src\ggml-base.vcxproj]
        Structured output is enabled. The formatting of compiler diagnostics will reflect the error hierarchy. See https://aka.ms/cpp/structured-output for more details.
        Creating directory "C:\Users\pkidw\AppData\Local\Temp\tmpfnv2jc_f\build\bin\Release\".
        Creating directory "ggml-base.dir\Release\ggml-base.tlog\".
      InitializeBuildStatus:
        Creating "ggml-base.dir\Release\ggml-base.tlog\unsuccessfulbuild" because "AlwaysCreate" was specified.
        Touching "ggml-base.dir\Release\ggml-base.tlog\unsuccessfulbuild".
      CustomBuild:
        Building Custom Rule C:/Users/pkidw/AppData/Local/Temp/pip-install-cfvsgpbi/llama-cpp-python_c82fd4343afa4b88ab294fe033ca0bc4/vendor/llama.cpp/ggml/src/CMakeLists.txt
      ClCompile:
        C:\Program Files (x86)\Microsoft Visual Studio\2022\BuildTools\VC\Tools\MSVC\14.44.35207\bin\HostX64\x64\CL.exe /c /I"C:\Users\pkidw\AppData\Local\Temp\
pip-install-cfvsgpbi\llama-cpp-python_c82fd4343afa4b88ab294fe033ca0bc4\vendor\llama.cpp\ggml\src\." /I"C:\Users\pkidw\AppData\Local\Temp\pip-install-cfvsgpbi\ll
ama-cpp-python_c82fd4343afa4b88ab294fe033ca0bc4\vendor\llama.cpp\ggml\src\..\include" /nologo /W1 /WX- /diagnostics:column /O2 /Ob2 /D _WINDLL /D _MBCS /D WIN32
 /D _WINDOWS /D NDEBUG /D GGML_BUILD /D GGML_SHARED /D _CRT_SECURE_NO_WARNINGS /D GGML_SCHED_MAX_COPIES=4 /D _XOPEN_SOURCE=600 /D "CMAKE_INTDIR=\"Release\"" /D
ggml_base_EXPORTS /EHsc /MD /GS /fp:precise /Zc:wchar_t /Zc:forScope /Zc:inline /std:c11 /Fo"ggml-base.dir\Release\\" /Fd"ggml-base.dir\Release\vc143.pdb" /exte
rnal:W1 /Gd /TC /errorReport:queue "C:\Users\pkidw\AppData\Local\Temp\pip-install-cfvsgpbi\llama-cpp-python_c82fd4343afa4b88ab294fe033ca0bc4\vendor\llama.cpp\gg
ml\src\ggml.c" "C:\Users\pkidw\AppData\Local\Temp\pip-install-cfvsgpbi\llama-cpp-python_c82fd4343afa4b88ab294fe033ca0bc4\vendor\llama.cpp\ggml\src\ggml-alloc.c"
 "C:\Users\pkidw\AppData\Local\Temp\pip-install-cfvsgpbi\llama-cpp-python_c82fd4343afa4b88ab294fe033ca0bc4\vendor\llama.cpp\ggml\src\ggml-quants.c" "C:\Users\pkidw\AppData\Local\Temp\pip-install-cfvsgpbi\llama-cpp-python_c82fd4343afa4b88ab294fe033ca0bc4\vendor\llama.cpp\ggml\src\ggml-aarch64.c"
        ggml.c
      C:\Program Files (x86)\Windows Kits\10\Include\10.0.19041.0\um\winbase.h(9572,5): warning C5105: macro expansion producing 'defined' has undefined behavior [C:\Users\pkidw\AppData\Local\Temp\tmpfnv2jc_f\build\vendor\llama.cpp\ggml\src\ggml-base.vcxproj]
        (compiling source file '../../../../../../pip-install-cfvsgpbi/llama-cpp-python_c82fd4343afa4b88ab294fe033ca0bc4/vendor/llama.cpp/ggml/src/ggml.c')

        ggml-alloc.c
        ggml-quants.c
        ggml-aarch64.c
        Generating Code...
        C:\Program Files (x86)\Microsoft Visual Studio\2022\BuildTools\VC\Tools\MSVC\14.44.35207\bin\HostX64\x64\CL.exe /c /I"C:\Users\pkidw\AppData\Local\Temp\
pip-install-cfvsgpbi\llama-cpp-python_c82fd4343afa4b88ab294fe033ca0bc4\vendor\llama.cpp\ggml\src\." /I"C:\Users\pkidw\AppData\Local\Temp\pip-install-cfvsgpbi\ll
ama-cpp-python_c82fd4343afa4b88ab294fe033ca0bc4\vendor\llama.cpp\ggml\src\..\include" /nologo /W1 /WX- /diagnostics:column /O2 /Ob2 /D _WINDLL /D _MBCS /D WIN32
 /D _WINDOWS /D NDEBUG /D GGML_BUILD /D GGML_SHARED /D _CRT_SECURE_NO_WARNINGS /D GGML_SCHED_MAX_COPIES=4 /D _XOPEN_SOURCE=600 /D "CMAKE_INTDIR=\"Release\"" /D
ggml_base_EXPORTS /EHsc /MD /GS /fp:precise /Zc:wchar_t /Zc:forScope /Zc:inline /Fo"ggml-base.dir\Release\\" /Fd"ggml-base.dir\Release\vc143.pdb" /external:W1 /
Gd /TP /errorReport:queue "C:\Users\pkidw\AppData\Local\Temp\pip-install-cfvsgpbi\llama-cpp-python_c82fd4343afa4b88ab294fe033ca0bc4\vendor\llama.cpp\ggml\src\gg
ml-backend.cpp" "C:\Users\pkidw\AppData\Local\Temp\pip-install-cfvsgpbi\llama-cpp-python_c82fd4343afa4b88ab294fe033ca0bc4\vendor\llama.cpp\ggml\src\ggml-threading.cpp"
        ggml-backend.cpp
        ggml-threading.cpp
        Generating Code...
      MakeDirsForLink:
        Creating directory "C:\Users\pkidw\AppData\Local\Temp\tmpfnv2jc_f\build\vendor\llama.cpp\ggml\src\Release\".
      PreLinkEvent:
        Auto build dll exports
        setlocal
        cd C:\Users\pkidw\AppData\Local\Temp\tmpfnv2jc_f\build\vendor\llama.cpp\ggml\src
        if %errorlevel% neq 0 goto :cmEnd
        C:
        if %errorlevel% neq 0 goto :cmEnd
        C:\Users\pkidw\AppData\Local\Temp\pip-build-env-u789pbq4\normal\Lib\site-packages\cmake\data\bin\cmake.exe -E __create_def C:/Users/pkidw/AppData/Local/
Temp/tmpfnv2jc_f/build/vendor/llama.cpp/ggml/src/ggml-base.dir/Release/exports.def C:/Users/pkidw/AppData/Local/Temp/tmpfnv2jc_f/build/vendor/llama.cpp/ggml/src/ggml-base.dir/Release//objects.txt
        if %errorlevel% neq 0 goto :cmEnd
        :cmEnd
        endlocal & call :cmErrorLevel %errorlevel% & goto :cmDone
        :cmErrorLevel
        exit /b %1
        :cmDone
        if %errorlevel% neq 0 goto :VCEnd
        :VCEnd
      Link:
        C:\Program Files (x86)\Microsoft Visual Studio\2022\BuildTools\VC\Tools\MSVC\14.44.35207\bin\HostX64\x64\link.exe /ERRORREPORT:QUEUE /OUT:"C:\Users\pkid
w\AppData\Local\Temp\tmpfnv2jc_f\build\bin\Release\ggml-base.dll" /INCREMENTAL:NO /NOLOGO kernel32.lib user32.lib gdi32.lib winspool.lib shell32.lib ole32.lib o
leaut32.lib uuid.lib comdlg32.lib advapi32.lib /DEF:"C:/Users/pkidw/AppData/Local/Temp/tmpfnv2jc_f/build/vendor/llama.cpp/ggml/src/ggml-base.dir/Release/exports
.def" /MANIFEST /MANIFESTUAC:"level='asInvoker' uiAccess='false'" /manifest:embed /PDB:"C:/Users/pkidw/AppData/Local/Temp/tmpfnv2jc_f/build/bin/Release/ggml-bas
e.pdb" /SUBSYSTEM:CONSOLE /TLBID:1 /DYNAMICBASE /NXCOMPAT /IMPLIB:"C:/Users/pkidw/AppData/Local/Temp/tmpfnv2jc_f/build/vendor/llama.cpp/ggml/src/Release/ggml-base.lib" /MACHINE:X64  /machine:x64 /DLL "ggml-base.dir\Release\ggml.obj"
        "ggml-base.dir\Release\ggml-alloc.obj"
        "ggml-base.dir\Release\ggml-backend.obj"
        "ggml-base.dir\Release\ggml-threading.obj"
        "ggml-base.dir\Release\ggml-quants.obj"
        "ggml-base.dir\Release\ggml-aarch64.obj"
           Creating library C:/Users/pkidw/AppData/Local/Temp/tmpfnv2jc_f/build/vendor/llama.cpp/ggml/src/Release/ggml-base.lib and object C:/Users/pkidw/AppData/Local/Temp/tmpfnv2jc_f/build/vendor/llama.cpp/ggml/src/Release/ggml-base.exp
        ggml-base.vcxproj -> C:\Users\pkidw\AppData\Local\Temp\tmpfnv2jc_f\build\bin\Release\ggml-base.dll
      FinalizeBuildStatus:
        Deleting file "ggml-base.dir\Release\ggml-base.tlog\unsuccessfulbuild".
        Touching "ggml-base.dir\Release\ggml-base.tlog\ggml-base.lastbuildstate".
      Done Building Project "C:\Users\pkidw\AppData\Local\Temp\tmpfnv2jc_f\build\vendor\llama.cpp\ggml\src\ggml-base.vcxproj" (default targets).
      C:\Program Files (x86)\Microsoft Visual Studio\2022\BuildTools\MSBuild\Microsoft\VC\v170\Microsoft.CppBuild.targets(548,5): warning MSB8029: The Intermedi
ate directory or Output directory cannot reside under the Temporary directory as it could lead to issues with incremental build. [C:\Users\pkidw\AppData\Local\Temp\tmpfnv2jc_f\build\vendor\llama.cpp\ggml\src\ggml-amx\ggml-amx.vcxproj]
        Structured output is enabled. The formatting of compiler diagnostics will reflect the error hierarchy. See https://aka.ms/cpp/structured-output for more details.
        Creating directory "ggml-amx.dir\Release\ggml-amx.tlog\".
      InitializeBuildStatus:
        Creating "ggml-amx.dir\Release\ggml-amx.tlog\unsuccessfulbuild" because "AlwaysCreate" was specified.
        Touching "ggml-amx.dir\Release\ggml-amx.tlog\unsuccessfulbuild".
      CustomBuild:
        Building Custom Rule C:/Users/pkidw/AppData/Local/Temp/pip-install-cfvsgpbi/llama-cpp-python_c82fd4343afa4b88ab294fe033ca0bc4/vendor/llama.cpp/ggml/src/ggml-amx/CMakeLists.txt
      ClCompile:
        C:\Program Files (x86)\Microsoft Visual Studio\2022\BuildTools\VC\Tools\MSVC\14.44.35207\bin\HostX64\x64\CL.exe /c /I"C:\Users\pkidw\AppData\Local\Temp\
pip-install-cfvsgpbi\llama-cpp-python_c82fd4343afa4b88ab294fe033ca0bc4\vendor\llama.cpp\ggml\src\ggml-amx\." /I"C:\Users\pkidw\AppData\Local\Temp\pip-install-cf
vsgpbi\llama-cpp-python_c82fd4343afa4b88ab294fe033ca0bc4\vendor\llama.cpp\ggml\src\ggml-amx\.." /I"C:\Users\pkidw\AppData\Local\Temp\pip-install-cfvsgpbi\llama-
cpp-python_c82fd4343afa4b88ab294fe033ca0bc4\vendor\llama.cpp\ggml\src\..\include" /nologo /W1 /WX- /diagnostics:column /O2 /Ob2 /D _WINDLL /D _MBCS /D WIN32 /D
_WINDOWS /D NDEBUG /D GGML_BACKEND_BUILD /D GGML_BACKEND_SHARED /D _CRT_SECURE_NO_WARNINGS /D GGML_SCHED_MAX_COPIES=4 /D _XOPEN_SOURCE=600 /D GGML_SHARED /D "CM
AKE_INTDIR=\"Release\"" /D ggml_amx_EXPORTS /EHsc /MD /GS /arch:AVX2 /fp:precise /Zc:wchar_t /Zc:forScope /Zc:inline /Fo"ggml-amx.dir\Release\\" /Fd"ggml-amx.di
r\Release\vc143.pdb" /external:W1 /Gd /TP /errorReport:queue "C:\Users\pkidw\AppData\Local\Temp\pip-install-cfvsgpbi\llama-cpp-python_c82fd4343afa4b88ab294fe033
ca0bc4\vendor\llama.cpp\ggml\src\ggml-amx\ggml-amx.cpp" "C:\Users\pkidw\AppData\Local\Temp\pip-install-cfvsgpbi\llama-cpp-python_c82fd4343afa4b88ab294fe033ca0bc4\vendor\llama.cpp\ggml\src\ggml-amx\mmq.cpp"
        ggml-amx.cpp
        mmq.cpp
        Generating Code...
      MakeDirsForLink:
        Creating directory "C:\Users\pkidw\AppData\Local\Temp\tmpfnv2jc_f\build\vendor\llama.cpp\ggml\src\ggml-amx\Release\".
      PreLinkEvent:
        Auto build dll exports
        setlocal
        cd C:\Users\pkidw\AppData\Local\Temp\tmpfnv2jc_f\build\vendor\llama.cpp\ggml\src\ggml-amx
        if %errorlevel% neq 0 goto :cmEnd
        C:
        if %errorlevel% neq 0 goto :cmEnd
        C:\Users\pkidw\AppData\Local\Temp\pip-build-env-u789pbq4\normal\Lib\site-packages\cmake\data\bin\cmake.exe -E __create_def C:/Users/pkidw/AppData/Local/
Temp/tmpfnv2jc_f/build/vendor/llama.cpp/ggml/src/ggml-amx/ggml-amx.dir/Release/exports.def C:/Users/pkidw/AppData/Local/Temp/tmpfnv2jc_f/build/vendor/llama.cpp/ggml/src/ggml-amx/ggml-amx.dir/Release//objects.txt
        if %errorlevel% neq 0 goto :cmEnd
        :cmEnd
        endlocal & call :cmErrorLevel %errorlevel% & goto :cmDone
        :cmErrorLevel
        exit /b %1
        :cmDone
        if %errorlevel% neq 0 goto :VCEnd
        :VCEnd
      Link:
        C:\Program Files (x86)\Microsoft Visual Studio\2022\BuildTools\VC\Tools\MSVC\14.44.35207\bin\HostX64\x64\link.exe /ERRORREPORT:QUEUE /OUT:"C:\Users\pkid
w\AppData\Local\Temp\tmpfnv2jc_f\build\bin\Release\ggml-amx.dll" /INCREMENTAL:NO /NOLOGO "..\Release\ggml-base.lib" kernel32.lib user32.lib gdi32.lib winspool.l
ib shell32.lib ole32.lib oleaut32.lib uuid.lib comdlg32.lib advapi32.lib /DEF:"C:/Users/pkidw/AppData/Local/Temp/tmpfnv2jc_f/build/vendor/llama.cpp/ggml/src/ggm
l-amx/ggml-amx.dir/Release/exports.def" /MANIFEST /MANIFESTUAC:"level='asInvoker' uiAccess='false'" /manifest:embed /PDB:"C:/Users/pkidw/AppData/Local/Temp/tmpf
nv2jc_f/build/bin/Release/ggml-amx.pdb" /SUBSYSTEM:CONSOLE /TLBID:1 /DYNAMICBASE /NXCOMPAT /IMPLIB:"C:/Users/pkidw/AppData/Local/Temp/tmpfnv2jc_f/build/vendor/llama.cpp/ggml/src/ggml-amx/Release/ggml-amx.lib" /MACHINE:X64  /machine:x64 /DLL "ggml-amx.dir\Release\ggml-amx.obj"
        "ggml-amx.dir\Release\mmq.obj"
           Creating library C:/Users/pkidw/AppData/Local/Temp/tmpfnv2jc_f/build/vendor/llama.cpp/ggml/src/ggml-amx/Release/ggml-amx.lib and object C:/Users/pkidw/AppData/Local/Temp/tmpfnv2jc_f/build/vendor/llama.cpp/ggml/src/ggml-amx/Release/ggml-amx.exp
        ggml-amx.vcxproj -> C:\Users\pkidw\AppData\Local\Temp\tmpfnv2jc_f\build\bin\Release\ggml-amx.dll
      FinalizeBuildStatus:
        Deleting file "ggml-amx.dir\Release\ggml-amx.tlog\unsuccessfulbuild".
        Touching "ggml-amx.dir\Release\ggml-amx.tlog\ggml-amx.lastbuildstate".
      Done Building Project "C:\Users\pkidw\AppData\Local\Temp\tmpfnv2jc_f\build\vendor\llama.cpp\ggml\src\ggml-amx\ggml-amx.vcxproj" (default targets).
      Project "C:\Users\pkidw\AppData\Local\Temp\tmpfnv2jc_f\build\vendor\llama.cpp\ggml\src\ggml.vcxproj" (5) is building "C:\Users\pkidw\AppData\Local\Temp\tmpfnv2jc_f\build\vendor\llama.cpp\ggml\src\ggml-cpu\ggml-cpu.vcxproj" (8) on node 1 (default targets).
      C:\Program Files (x86)\Microsoft Visual Studio\2022\BuildTools\MSBuild\Microsoft\VC\v170\Microsoft.CppBuild.targets(548,5): warning MSB8029: The Intermedi
ate directory or Output directory cannot reside under the Temporary directory as it could lead to issues with incremental build. [C:\Users\pkidw\AppData\Local\Temp\tmpfnv2jc_f\build\vendor\llama.cpp\ggml\src\ggml-cpu\ggml-cpu.vcxproj]
        Structured output is enabled. The formatting of compiler diagnostics will reflect the error hierarchy. See https://aka.ms/cpp/structured-output for more details.
        Creating directory "ggml-cpu.dir\Release\ggml-cpu.tlog\".
      InitializeBuildStatus:
        Creating "ggml-cpu.dir\Release\ggml-cpu.tlog\unsuccessfulbuild" because "AlwaysCreate" was specified.
        Touching "ggml-cpu.dir\Release\ggml-cpu.tlog\unsuccessfulbuild".
      CustomBuild:
        Building Custom Rule C:/Users/pkidw/AppData/Local/Temp/pip-install-cfvsgpbi/llama-cpp-python_c82fd4343afa4b88ab294fe033ca0bc4/vendor/llama.cpp/ggml/src/ggml-cpu/CMakeLists.txt
      ClCompile:
        C:\Program Files (x86)\Microsoft Visual Studio\2022\BuildTools\VC\Tools\MSVC\14.44.35207\bin\HostX64\x64\CL.exe /c /I"C:\Users\pkidw\AppData\Local\Temp\
pip-install-cfvsgpbi\llama-cpp-python_c82fd4343afa4b88ab294fe033ca0bc4\vendor\llama.cpp\ggml\src\ggml-cpu\." /I"C:\Users\pkidw\AppData\Local\Temp\pip-install-cf
vsgpbi\llama-cpp-python_c82fd4343afa4b88ab294fe033ca0bc4\vendor\llama.cpp\ggml\src\ggml-cpu\.." /I"C:\Users\pkidw\AppData\Local\Temp\pip-install-cfvsgpbi\llama-
cpp-python_c82fd4343afa4b88ab294fe033ca0bc4\vendor\llama.cpp\ggml\src\..\include" /nologo /W1 /WX- /diagnostics:column /O2 /Ob2 /D _WINDLL /D _MBCS /D WIN32 /D
_WINDOWS /D NDEBUG /D GGML_BACKEND_BUILD /D GGML_BACKEND_SHARED /D _CRT_SECURE_NO_WARNINGS /D GGML_SCHED_MAX_COPIES=4 /D _XOPEN_SOURCE=600 /D GGML_USE_OPENMP /D
 GGML_USE_LLAMAFILE /D GGML_USE_CPU_AARCH64 /D GGML_SHARED /D "CMAKE_INTDIR=\"Release\"" /D ggml_cpu_EXPORTS /EHsc /MD /GS /arch:AVX2 /fp:precise /Zc:wchar_t /Z
c:forScope /Zc:inline /openmp /std:c11 /Fo"ggml-cpu.dir\Release\/ggml-cpu.c.obj" /Fd"ggml-cpu.dir\Release\vc143.pdb" /external:W1 /Gd /TC /errorReport:queue "C:\Users\pkidw\AppData\Local\Temp\pip-install-cfvsgpbi\llama-cpp-python_c82fd4343afa4b88ab294fe033ca0bc4\vendor\llama.cpp\ggml\src\ggml-cpu\ggml-cpu.c"
        ggml-cpu.c
      C:\Program Files (x86)\Windows Kits\10\Include\10.0.19041.0\um\winbase.h(9572,5): warning C5105: macro expansion producing 'defined' has undefined behavior [C:\Users\pkidw\AppData\Local\Temp\tmpfnv2jc_f\build\vendor\llama.cpp\ggml\src\ggml-cpu\ggml-cpu.vcxproj]
        (compiling source file '../../../../../../../pip-install-cfvsgpbi/llama-cpp-python_c82fd4343afa4b88ab294fe033ca0bc4/vendor/llama.cpp/ggml/src/ggml-cpu/ggml-cpu.c')

        C:\Program Files (x86)\Microsoft Visual Studio\2022\BuildTools\VC\Tools\MSVC\14.44.35207\bin\HostX64\x64\CL.exe /c /I"C:\Users\pkidw\AppData\Local\Temp\
pip-install-cfvsgpbi\llama-cpp-python_c82fd4343afa4b88ab294fe033ca0bc4\vendor\llama.cpp\ggml\src\ggml-cpu\." /I"C:\Users\pkidw\AppData\Local\Temp\pip-install-cf
vsgpbi\llama-cpp-python_c82fd4343afa4b88ab294fe033ca0bc4\vendor\llama.cpp\ggml\src\ggml-cpu\.." /I"C:\Users\pkidw\AppData\Local\Temp\pip-install-cfvsgpbi\llama-
cpp-python_c82fd4343afa4b88ab294fe033ca0bc4\vendor\llama.cpp\ggml\src\..\include" /nologo /W1 /WX- /diagnostics:column /O2 /Ob2 /D _WINDLL /D _MBCS /D WIN32 /D
_WINDOWS /D NDEBUG /D GGML_BACKEND_BUILD /D GGML_BACKEND_SHARED /D _CRT_SECURE_NO_WARNINGS /D GGML_SCHED_MAX_COPIES=4 /D _XOPEN_SOURCE=600 /D GGML_USE_OPENMP /D
 GGML_USE_LLAMAFILE /D GGML_USE_CPU_AARCH64 /D GGML_SHARED /D "CMAKE_INTDIR=\"Release\"" /D ggml_cpu_EXPORTS /EHsc /MD /GS /arch:AVX2 /fp:precise /Zc:wchar_t /Z
c:forScope /Zc:inline /openmp /Fo"ggml-cpu.dir\Release\/ggml-cpu.cpp.obj" /Fd"ggml-cpu.dir\Release\vc143.pdb" /external:W1 /Gd /TP /errorReport:queue "C:\Users\pkidw\AppData\Local\Temp\pip-install-cfvsgpbi\llama-cpp-python_c82fd4343afa4b88ab294fe033ca0bc4\vendor\llama.cpp\ggml\src\ggml-cpu\ggml-cpu.cpp"
        ggml-cpu.cpp
        C:\Program Files (x86)\Microsoft Visual Studio\2022\BuildTools\VC\Tools\MSVC\14.44.35207\bin\HostX64\x64\CL.exe /c /I"C:\Users\pkidw\AppData\Local\Temp\
pip-install-cfvsgpbi\llama-cpp-python_c82fd4343afa4b88ab294fe033ca0bc4\vendor\llama.cpp\ggml\src\ggml-cpu\." /I"C:\Users\pkidw\AppData\Local\Temp\pip-install-cf
vsgpbi\llama-cpp-python_c82fd4343afa4b88ab294fe033ca0bc4\vendor\llama.cpp\ggml\src\ggml-cpu\.." /I"C:\Users\pkidw\AppData\Local\Temp\pip-install-cfvsgpbi\llama-
cpp-python_c82fd4343afa4b88ab294fe033ca0bc4\vendor\llama.cpp\ggml\src\..\include" /nologo /W1 /WX- /diagnostics:column /O2 /Ob2 /D _WINDLL /D _MBCS /D WIN32 /D
_WINDOWS /D NDEBUG /D GGML_BACKEND_BUILD /D GGML_BACKEND_SHARED /D _CRT_SECURE_NO_WARNINGS /D GGML_SCHED_MAX_COPIES=4 /D _XOPEN_SOURCE=600 /D GGML_USE_OPENMP /D
 GGML_USE_LLAMAFILE /D GGML_USE_CPU_AARCH64 /D GGML_SHARED /D "CMAKE_INTDIR=\"Release\"" /D ggml_cpu_EXPORTS /EHsc /MD /GS /arch:AVX2 /fp:precise /Zc:wchar_t /Z
c:forScope /Zc:inline /openmp /std:c11 /Fo"ggml-cpu.dir\Release\\" /Fd"ggml-cpu.dir\Release\vc143.pdb" /external:W1 /Gd /TC /errorReport:queue "C:\Users\pkidw\A
ppData\Local\Temp\pip-install-cfvsgpbi\llama-cpp-python_c82fd4343afa4b88ab294fe033ca0bc4\vendor\llama.cpp\ggml\src\ggml-cpu\ggml-cpu-aarch64.c" "C:\Users\pkidw\AppData\Local\Temp\pip-install-cfvsgpbi\llama-cpp-python_c82fd4343afa4b88ab294fe033ca0bc4\vendor\llama.cpp\ggml\src\ggml-cpu\ggml-cpu-quants.c"
        ggml-cpu-aarch64.c
        ggml-cpu-quants.c
        Generating Code...
        C:\Program Files (x86)\Microsoft Visual Studio\2022\BuildTools\VC\Tools\MSVC\14.44.35207\bin\HostX64\x64\CL.exe /c /I"C:\Users\pkidw\AppData\Local\Temp\
pip-install-cfvsgpbi\llama-cpp-python_c82fd4343afa4b88ab294fe033ca0bc4\vendor\llama.cpp\ggml\src\ggml-cpu\." /I"C:\Users\pkidw\AppData\Local\Temp\pip-install-cf
vsgpbi\llama-cpp-python_c82fd4343afa4b88ab294fe033ca0bc4\vendor\llama.cpp\ggml\src\ggml-cpu\.." /I"C:\Users\pkidw\AppData\Local\Temp\pip-install-cfvsgpbi\llama-
cpp-python_c82fd4343afa4b88ab294fe033ca0bc4\vendor\llama.cpp\ggml\src\..\include" /nologo /W1 /WX- /diagnostics:column /O2 /Ob2 /D _WINDLL /D _MBCS /D WIN32 /D
_WINDOWS /D NDEBUG /D GGML_BACKEND_BUILD /D GGML_BACKEND_SHARED /D _CRT_SECURE_NO_WARNINGS /D GGML_SCHED_MAX_COPIES=4 /D _XOPEN_SOURCE=600 /D GGML_USE_OPENMP /D
 GGML_USE_LLAMAFILE /D GGML_USE_CPU_AARCH64 /D GGML_SHARED /D "CMAKE_INTDIR=\"Release\"" /D ggml_cpu_EXPORTS /EHsc /MD /GS /arch:AVX2 /fp:precise /Zc:wchar_t /Z
c:forScope /Zc:inline /openmp /Fo"ggml-cpu.dir\Release\\" /Fd"ggml-cpu.dir\Release\vc143.pdb" /external:W1 /Gd /TP /errorReport:queue "C:\Users\pkidw\AppData\Local\Temp\pip-install-cfvsgpbi\llama-cpp-python_c82fd4343afa4b88ab294fe033ca0bc4\vendor\llama.cpp\ggml\src\ggml-cpu\llamafile\sgemm.cpp"
        sgemm.cpp
      MakeDirsForLink:
        Creating directory "C:\Users\pkidw\AppData\Local\Temp\tmpfnv2jc_f\build\vendor\llama.cpp\ggml\src\ggml-cpu\Release\".
      PreLinkEvent:
        Auto build dll exports
        setlocal
        cd C:\Users\pkidw\AppData\Local\Temp\tmpfnv2jc_f\build\vendor\llama.cpp\ggml\src\ggml-cpu
        if %errorlevel% neq 0 goto :cmEnd
        C:
        if %errorlevel% neq 0 goto :cmEnd
        C:\Users\pkidw\AppData\Local\Temp\pip-build-env-u789pbq4\normal\Lib\site-packages\cmake\data\bin\cmake.exe -E __create_def C:/Users/pkidw/AppData/Local/
Temp/tmpfnv2jc_f/build/vendor/llama.cpp/ggml/src/ggml-cpu/ggml-cpu.dir/Release/exports.def C:/Users/pkidw/AppData/Local/Temp/tmpfnv2jc_f/build/vendor/llama.cpp/ggml/src/ggml-cpu/ggml-cpu.dir/Release//objects.txt
        if %errorlevel% neq 0 goto :cmEnd
        :cmEnd
        endlocal & call :cmErrorLevel %errorlevel% & goto :cmDone
        :cmErrorLevel
        exit /b %1
        :cmDone
        if %errorlevel% neq 0 goto :VCEnd
        :VCEnd
      Link:
        C:\Program Files (x86)\Microsoft Visual Studio\2022\BuildTools\VC\Tools\MSVC\14.44.35207\bin\HostX64\x64\link.exe /ERRORREPORT:QUEUE /OUT:"C:\Users\pkid
w\AppData\Local\Temp\tmpfnv2jc_f\build\bin\Release\ggml-cpu.dll" /INCREMENTAL:NO /NOLOGO "..\Release\ggml-base.lib" kernel32.lib user32.lib gdi32.lib winspool.l
ib shell32.lib ole32.lib oleaut32.lib uuid.lib comdlg32.lib advapi32.lib /DEF:"C:/Users/pkidw/AppData/Local/Temp/tmpfnv2jc_f/build/vendor/llama.cpp/ggml/src/ggm
l-cpu/ggml-cpu.dir/Release/exports.def" /MANIFEST /MANIFESTUAC:"level='asInvoker' uiAccess='false'" /manifest:embed /PDB:"C:/Users/pkidw/AppData/Local/Temp/tmpf
nv2jc_f/build/bin/Release/ggml-cpu.pdb" /SUBSYSTEM:CONSOLE /TLBID:1 /DYNAMICBASE /NXCOMPAT /IMPLIB:"C:/Users/pkidw/AppData/Local/Temp/tmpfnv2jc_f/build/vendor/llama.cpp/ggml/src/ggml-cpu/Release/ggml-cpu.lib" /MACHINE:X64  /machine:x64 /DLL "ggml-cpu.dir\Release\ggml-cpu-aarch64.obj"
        "ggml-cpu.dir\Release\ggml-cpu-quants.obj"
        "ggml-cpu.dir\Release\sgemm.obj"
        "ggml-cpu.dir\Release\/ggml-cpu.c.obj"
        "ggml-cpu.dir\Release\/ggml-cpu.cpp.obj"
           Creating library C:/Users/pkidw/AppData/Local/Temp/tmpfnv2jc_f/build/vendor/llama.cpp/ggml/src/ggml-cpu/Release/ggml-cpu.lib and object C:/Users/pkidw/AppData/Local/Temp/tmpfnv2jc_f/build/vendor/llama.cpp/ggml/src/ggml-cpu/Release/ggml-cpu.exp
        ggml-cpu.vcxproj -> C:\Users\pkidw\AppData\Local\Temp\tmpfnv2jc_f\build\bin\Release\ggml-cpu.dll
      FinalizeBuildStatus:
        Deleting file "ggml-cpu.dir\Release\ggml-cpu.tlog\unsuccessfulbuild".
        Touching "ggml-cpu.dir\Release\ggml-cpu.tlog\ggml-cpu.lastbuildstate".
      Done Building Project "C:\Users\pkidw\AppData\Local\Temp\tmpfnv2jc_f\build\vendor\llama.cpp\ggml\src\ggml-cpu\ggml-cpu.vcxproj" (default targets).
      C:\Program Files (x86)\Microsoft Visual Studio\2022\BuildTools\MSBuild\Microsoft\VC\v170\Microsoft.CppBuild.targets(548,5): warning MSB8029: The Intermedi
ate directory or Output directory cannot reside under the Temporary directory as it could lead to issues with incremental build. [C:\Users\pkidw\AppData\Local\Temp\tmpfnv2jc_f\build\vendor\llama.cpp\ggml\src\ggml.vcxproj]
        Structured output is enabled. The formatting of compiler diagnostics will reflect the error hierarchy. See https://aka.ms/cpp/structured-output for more details.
        Creating directory "ggml.dir\Release\ggml.tlog\".
      InitializeBuildStatus:
        Creating "ggml.dir\Release\ggml.tlog\unsuccessfulbuild" because "AlwaysCreate" was specified.
        Touching "ggml.dir\Release\ggml.tlog\unsuccessfulbuild".
      CustomBuild:
        Building Custom Rule C:/Users/pkidw/AppData/Local/Temp/pip-install-cfvsgpbi/llama-cpp-python_c82fd4343afa4b88ab294fe033ca0bc4/vendor/llama.cpp/ggml/src/CMakeLists.txt
      ClCompile:
        C:\Program Files (x86)\Microsoft Visual Studio\2022\BuildTools\VC\Tools\MSVC\14.44.35207\bin\HostX64\x64\CL.exe /c /I"C:\Users\pkidw\AppData\Local\Temp\
pip-install-cfvsgpbi\llama-cpp-python_c82fd4343afa4b88ab294fe033ca0bc4\vendor\llama.cpp\ggml\src\..\include" /nologo /W1 /WX- /diagnostics:column /O2 /Ob2 /D _W
INDLL /D _MBCS /D WIN32 /D _WINDOWS /D NDEBUG /D GGML_USE_CPU /D GGML_USE_AMX /D GGML_BUILD /D GGML_SHARED /D _CRT_SECURE_NO_WARNINGS /D GGML_SCHED_MAX_COPIES=4
 /D _XOPEN_SOURCE=600 /D GGML_BACKEND_SHARED /D "CMAKE_INTDIR=\"Release\"" /D ggml_EXPORTS /EHsc /MD /GS /fp:precise /Zc:wchar_t /Zc:forScope /Zc:inline /Fo"ggm
l.dir\Release\\" /Fd"ggml.dir\Release\vc143.pdb" /external:W1 /Gd /TP /errorReport:queue "C:\Users\pkidw\AppData\Local\Temp\pip-install-cfvsgpbi\llama-cpp-python_c82fd4343afa4b88ab294fe033ca0bc4\vendor\llama.cpp\ggml\src\ggml-backend-reg.cpp"
        ggml-backend-reg.cpp
      PreLinkEvent:
        Auto build dll exports
        setlocal
        cd C:\Users\pkidw\AppData\Local\Temp\tmpfnv2jc_f\build\vendor\llama.cpp\ggml\src
        if %errorlevel% neq 0 goto :cmEnd
        C:
        if %errorlevel% neq 0 goto :cmEnd
        C:\Users\pkidw\AppData\Local\Temp\pip-build-env-u789pbq4\normal\Lib\site-packages\cmake\data\bin\cmake.exe -E __create_def C:/Users/pkidw/AppData/Local/
Temp/tmpfnv2jc_f/build/vendor/llama.cpp/ggml/src/ggml.dir/Release/exports.def C:/Users/pkidw/AppData/Local/Temp/tmpfnv2jc_f/build/vendor/llama.cpp/ggml/src/ggml.dir/Release//objects.txt
        if %errorlevel% neq 0 goto :cmEnd
        :cmEnd
        endlocal & call :cmErrorLevel %errorlevel% & goto :cmDone
        :cmErrorLevel
        exit /b %1
        :cmDone
        if %errorlevel% neq 0 goto :VCEnd
        :VCEnd
      Link:
        C:\Program Files (x86)\Microsoft Visual Studio\2022\BuildTools\VC\Tools\MSVC\14.44.35207\bin\HostX64\x64\link.exe /ERRORREPORT:QUEUE /OUT:"C:\Users\pkid
w\AppData\Local\Temp\tmpfnv2jc_f\build\bin\Release\ggml.dll" /INCREMENTAL:NO /NOLOGO "ggml-cpu\Release\ggml-cpu.lib" "ggml-amx\Release\ggml-amx.lib" "Release\gg
ml-base.lib" kernel32.lib user32.lib gdi32.lib winspool.lib shell32.lib ole32.lib oleaut32.lib uuid.lib comdlg32.lib advapi32.lib /DEF:"C:/Users/pkidw/AppData/L
ocal/Temp/tmpfnv2jc_f/build/vendor/llama.cpp/ggml/src/ggml.dir/Release/exports.def" /MANIFEST /MANIFESTUAC:"level='asInvoker' uiAccess='false'" /manifest:embed
/PDB:"C:/Users/pkidw/AppData/Local/Temp/tmpfnv2jc_f/build/bin/Release/ggml.pdb" /SUBSYSTEM:CONSOLE /TLBID:1 /DYNAMICBASE /NXCOMPAT /IMPLIB:"C:/Users/pkidw/AppData/Local/Temp/tmpfnv2jc_f/build/vendor/llama.cpp/ggml/src/Release/ggml.lib" /MACHINE:X64  /machine:x64 /DLL "ggml.dir\Release\ggml-backend-reg.obj"
           Creating library C:/Users/pkidw/AppData/Local/Temp/tmpfnv2jc_f/build/vendor/llama.cpp/ggml/src/Release/ggml.lib and object C:/Users/pkidw/AppData/Local/Temp/tmpfnv2jc_f/build/vendor/llama.cpp/ggml/src/Release/ggml.exp
        ggml.vcxproj -> C:\Users\pkidw\AppData\Local\Temp\tmpfnv2jc_f\build\bin\Release\ggml.dll
      FinalizeBuildStatus:
        Deleting file "ggml.dir\Release\ggml.tlog\unsuccessfulbuild".
        Touching "ggml.dir\Release\ggml.tlog\ggml.lastbuildstate".
      Done Building Project "C:\Users\pkidw\AppData\Local\Temp\tmpfnv2jc_f\build\vendor\llama.cpp\ggml\src\ggml.vcxproj" (default targets).
      Project "C:\Users\pkidw\AppData\Local\Temp\tmpfnv2jc_f\build\vendor\llama.cpp\examples\llava\llava.vcxproj" (4) is building "C:\Users\pkidw\AppData\Local\Temp\tmpfnv2jc_f\build\vendor\llama.cpp\src\llama.vcxproj" (9) on node 1 (default targets).
      C:\Program Files (x86)\Microsoft Visual Studio\2022\BuildTools\MSBuild\Microsoft\VC\v170\Microsoft.CppBuild.targets(548,5): warning MSB8029: The Intermedi
ate directory or Output directory cannot reside under the Temporary directory as it could lead to issues with incremental build. [C:\Users\pkidw\AppData\Local\Temp\tmpfnv2jc_f\build\vendor\llama.cpp\src\llama.vcxproj]
        Structured output is enabled. The formatting of compiler diagnostics will reflect the error hierarchy. See https://aka.ms/cpp/structured-output for more details.
        Creating directory "llama.dir\Release\llama.tlog\".
      InitializeBuildStatus:
        Creating "llama.dir\Release\llama.tlog\unsuccessfulbuild" because "AlwaysCreate" was specified.
        Touching "llama.dir\Release\llama.tlog\unsuccessfulbuild".
      CustomBuild:
        Building Custom Rule C:/Users/pkidw/AppData/Local/Temp/pip-install-cfvsgpbi/llama-cpp-python_c82fd4343afa4b88ab294fe033ca0bc4/vendor/llama.cpp/src/CMakeLists.txt
      ClCompile:
        C:\Program Files (x86)\Microsoft Visual Studio\2022\BuildTools\VC\Tools\MSVC\14.44.35207\bin\HostX64\x64\CL.exe /c /I"C:\Users\pkidw\AppData\Local\Temp\
pip-install-cfvsgpbi\llama-cpp-python_c82fd4343afa4b88ab294fe033ca0bc4\vendor\llama.cpp\src\." /I"C:\Users\pkidw\AppData\Local\Temp\pip-install-cfvsgpbi\llama-c
pp-python_c82fd4343afa4b88ab294fe033ca0bc4\vendor\llama.cpp\src\..\include" /I"C:\Users\pkidw\AppData\Local\Temp\pip-install-cfvsgpbi\llama-cpp-python_c82fd4343
afa4b88ab294fe033ca0bc4\vendor\llama.cpp\ggml\src\..\include" /nologo /W1 /WX- /diagnostics:column /O2 /Ob2 /D _WINDLL /D _MBCS /D WIN32 /D _WINDOWS /D NDEBUG /
D LLAMA_BUILD /D LLAMA_SHARED /D _CRT_SECURE_NO_WARNINGS /D GGML_USE_CPU /D GGML_USE_AMX /D GGML_SHARED /D GGML_BACKEND_SHARED /D "CMAKE_INTDIR=\"Release\"" /D
llama_EXPORTS /EHsc /MD /GS /fp:precise /Zc:wchar_t /Zc:forScope /Zc:inline /Fo"llama.dir\Release\\" /Fd"llama.dir\Release\vc143.pdb" /external:W1 /Gd /TP /erro
rReport:queue "C:\Users\pkidw\AppData\Local\Temp\pip-install-cfvsgpbi\llama-cpp-python_c82fd4343afa4b88ab294fe033ca0bc4\vendor\llama.cpp\src\llama.cpp" "C:\User
s\pkidw\AppData\Local\Temp\pip-install-cfvsgpbi\llama-cpp-python_c82fd4343afa4b88ab294fe033ca0bc4\vendor\llama.cpp\src\llama-vocab.cpp" "C:\Users\pkidw\AppData\
Local\Temp\pip-install-cfvsgpbi\llama-cpp-python_c82fd4343afa4b88ab294fe033ca0bc4\vendor\llama.cpp\src\llama-grammar.cpp" "C:\Users\pkidw\AppData\Local\Temp\pip
-install-cfvsgpbi\llama-cpp-python_c82fd4343afa4b88ab294fe033ca0bc4\vendor\llama.cpp\src\llama-sampling.cpp" "C:\Users\pkidw\AppData\Local\Temp\pip-install-cfvs
gpbi\llama-cpp-python_c82fd4343afa4b88ab294fe033ca0bc4\vendor\llama.cpp\src\unicode.cpp" "C:\Users\pkidw\AppData\Local\Temp\pip-install-cfvsgpbi\llama-cpp-python_c82fd4343afa4b88ab294fe033ca0bc4\vendor\llama.cpp\src\unicode-data.cpp"
        llama.cpp
        llama-vocab.cpp
        llama-grammar.cpp
        llama-sampling.cpp
        unicode.cpp
        unicode-data.cpp
        Generating Code...
      MakeDirsForLink:
        Creating directory "C:\Users\pkidw\AppData\Local\Temp\tmpfnv2jc_f\build\vendor\llama.cpp\src\Release\".
      PreLinkEvent:
        Auto build dll exports
        setlocal
        cd C:\Users\pkidw\AppData\Local\Temp\tmpfnv2jc_f\build\vendor\llama.cpp\src
        if %errorlevel% neq 0 goto :cmEnd
        C:
        if %errorlevel% neq 0 goto :cmEnd
        C:\Users\pkidw\AppData\Local\Temp\pip-build-env-u789pbq4\normal\Lib\site-packages\cmake\data\bin\cmake.exe -E __create_def C:/Users/pkidw/AppData/Local/
Temp/tmpfnv2jc_f/build/vendor/llama.cpp/src/llama.dir/Release/exports.def C:/Users/pkidw/AppData/Local/Temp/tmpfnv2jc_f/build/vendor/llama.cpp/src/llama.dir/Release//objects.txt
        if %errorlevel% neq 0 goto :cmEnd
        :cmEnd
        endlocal & call :cmErrorLevel %errorlevel% & goto :cmDone
        :cmErrorLevel
        exit /b %1
        :cmDone
        if %errorlevel% neq 0 goto :VCEnd
        :VCEnd
      Link:
        C:\Program Files (x86)\Microsoft Visual Studio\2022\BuildTools\VC\Tools\MSVC\14.44.35207\bin\HostX64\x64\link.exe /ERRORREPORT:QUEUE /OUT:"C:\Users\pkid
w\AppData\Local\Temp\tmpfnv2jc_f\build\bin\Release\llama.dll" /INCREMENTAL:NO /NOLOGO ..\ggml\src\Release\ggml.lib "..\ggml\src\ggml-cpu\Release\ggml-cpu.lib" "
..\ggml\src\ggml-amx\Release\ggml-amx.lib" "..\ggml\src\Release\ggml-base.lib" kernel32.lib user32.lib gdi32.lib winspool.lib shell32.lib ole32.lib oleaut32.lib
 uuid.lib comdlg32.lib advapi32.lib /DEF:"C:/Users/pkidw/AppData/Local/Temp/tmpfnv2jc_f/build/vendor/llama.cpp/src/llama.dir/Release/exports.def" /MANIFEST /MAN
IFESTUAC:"level='asInvoker' uiAccess='false'" /manifest:embed /PDB:"C:/Users/pkidw/AppData/Local/Temp/tmpfnv2jc_f/build/bin/Release/llama.pdb" /SUBSYSTEM:CONSOL
E /TLBID:1 /DYNAMICBASE /NXCOMPAT /IMPLIB:"C:/Users/pkidw/AppData/Local/Temp/tmpfnv2jc_f/build/vendor/llama.cpp/src/Release/llama.lib" /MACHINE:X64  /machine:x64 /DLL llama.dir\Release\llama.obj
        "llama.dir\Release\llama-vocab.obj"
        "llama.dir\Release\llama-grammar.obj"
        "llama.dir\Release\llama-sampling.obj"
        llama.dir\Release\unicode.obj
        "llama.dir\Release\unicode-data.obj"
           Creating library C:/Users/pkidw/AppData/Local/Temp/tmpfnv2jc_f/build/vendor/llama.cpp/src/Release/llama.lib and object C:/Users/pkidw/AppData/Local/Temp/tmpfnv2jc_f/build/vendor/llama.cpp/src/Release/llama.exp
        llama.vcxproj -> C:\Users\pkidw\AppData\Local\Temp\tmpfnv2jc_f\build\bin\Release\llama.dll
      FinalizeBuildStatus:
        Deleting file "llama.dir\Release\llama.tlog\unsuccessfulbuild".
        Touching "llama.dir\Release\llama.tlog\llama.lastbuildstate".
      Done Building Project "C:\Users\pkidw\AppData\Local\Temp\tmpfnv2jc_f\build\vendor\llama.cpp\src\llama.vcxproj" (default targets).
      PrepareForBuild:
        Creating directory "llava.dir\Release\".
      C:\Program Files (x86)\Microsoft Visual Studio\2022\BuildTools\MSBuild\Microsoft\VC\v170\Microsoft.CppBuild.targets(548,5): warning MSB8029: The Intermedi
ate directory or Output directory cannot reside under the Temporary directory as it could lead to issues with incremental build. [C:\Users\pkidw\AppData\Local\Temp\tmpfnv2jc_f\build\vendor\llama.cpp\examples\llava\llava.vcxproj]
        Structured output is enabled. The formatting of compiler diagnostics will reflect the error hierarchy. See https://aka.ms/cpp/structured-output for more details.
        Creating directory "llava.dir\Release\llava.tlog\".
      InitializeBuildStatus:
        Creating "llava.dir\Release\llava.tlog\unsuccessfulbuild" because "AlwaysCreate" was specified.
        Touching "llava.dir\Release\llava.tlog\unsuccessfulbuild".
      CustomBuild:
        Building Custom Rule C:/Users/pkidw/AppData/Local/Temp/pip-install-cfvsgpbi/llama-cpp-python_c82fd4343afa4b88ab294fe033ca0bc4/vendor/llama.cpp/examples/llava/CMakeLists.txt
      ClCompile:
        C:\Program Files (x86)\Microsoft Visual Studio\2022\BuildTools\VC\Tools\MSVC\14.44.35207\bin\HostX64\x64\CL.exe /c /I"C:\Users\pkidw\AppData\Local\Temp\
pip-install-cfvsgpbi\llama-cpp-python_c82fd4343afa4b88ab294fe033ca0bc4\vendor\llama.cpp\examples\llava\." /I"C:\Users\pkidw\AppData\Local\Temp\pip-install-cfvsg
pbi\llama-cpp-python_c82fd4343afa4b88ab294fe033ca0bc4\vendor\llama.cpp\examples\llava\..\.." /I"C:\Users\pkidw\AppData\Local\Temp\pip-install-cfvsgpbi\llama-cpp
-python_c82fd4343afa4b88ab294fe033ca0bc4\vendor\llama.cpp\examples\llava\..\..\common" /I"C:\Users\pkidw\AppData\Local\Temp\pip-install-cfvsgpbi\llama-cpp-pytho
n_c82fd4343afa4b88ab294fe033ca0bc4\vendor\llama.cpp\include" /I"C:\Users\pkidw\AppData\Local\Temp\pip-install-cfvsgpbi\llama-cpp-python_c82fd4343afa4b88ab294fe0
33ca0bc4\vendor\llama.cpp\ggml\include" /I"C:\Users\pkidw\AppData\Local\Temp\pip-install-cfvsgpbi\llama-cpp-python_c82fd4343afa4b88ab294fe033ca0bc4\vendor\llama
.cpp\ggml\src\..\include" /I"C:\Users\pkidw\AppData\Local\Temp\pip-install-cfvsgpbi\llama-cpp-python_c82fd4343afa4b88ab294fe033ca0bc4\vendor\llama.cpp\src\." /I
"C:\Users\pkidw\AppData\Local\Temp\pip-install-cfvsgpbi\llama-cpp-python_c82fd4343afa4b88ab294fe033ca0bc4\vendor\llama.cpp\src\..\include" /nologo /W1 /WX- /dia
gnostics:column /O2 /Ob2 /D _MBCS /D WIN32 /D _WINDOWS /D NDEBUG /D LLAMA_SHARED /D LLAMA_BUILD /D GGML_USE_CPU /D GGML_USE_AMX /D GGML_SHARED /D GGML_BACKEND_S
HARED /D "CMAKE_INTDIR=\"Release\"" /EHsc /MD /GS /fp:precise /Zc:wchar_t /Zc:forScope /Zc:inline /Fo"llava.dir\Release\\" /Fd"llava.dir\Release\llava.pdb" /ext
ernal:W1 /Gd /TP /errorReport:queue "C:\Users\pkidw\AppData\Local\Temp\pip-install-cfvsgpbi\llama-cpp-python_c82fd4343afa4b88ab294fe033ca0bc4\vendor\llama.cpp\e
xamples\llava\llava.cpp" "C:\Users\pkidw\AppData\Local\Temp\pip-install-cfvsgpbi\llama-cpp-python_c82fd4343afa4b88ab294fe033ca0bc4\vendor\llama.cpp\examples\llava\clip.cpp"
        llava.cpp
        clip.cpp
      C:\Users\pkidw\AppData\Local\Temp\pip-install-cfvsgpbi\llama-cpp-python_c82fd4343afa4b88ab294fe033ca0bc4\vendor\llama.cpp\examples\llava\clip.cpp(1042,9):
 warning C4297: 'clip_model_load': function assumed not to throw an exception but does [C:\Users\pkidw\AppData\Local\Temp\tmpfnv2jc_f\build\vendor\llama.cpp\examples\llava\llava.vcxproj]
            C:\Users\pkidw\AppData\Local\Temp\pip-install-cfvsgpbi\llama-cpp-python_c82fd4343afa4b88ab294fe033ca0bc4\vendor\llama.cpp\examples\llava\clip.cpp(1042,9):
            __declspec(nothrow), throw(), noexcept(true), or noexcept was specified on the function

      C:\Users\pkidw\AppData\Local\Temp\pip-install-cfvsgpbi\llama-cpp-python_c82fd4343afa4b88ab294fe033ca0bc4\vendor\llama.cpp\examples\llava\clip.cpp(1470,13)
: warning C4297: 'clip_model_load': function assumed not to throw an exception but does [C:\Users\pkidw\AppData\Local\Temp\tmpfnv2jc_f\build\vendor\llama.cpp\examples\llava\llava.vcxproj]
            C:\Users\pkidw\AppData\Local\Temp\pip-install-cfvsgpbi\llama-cpp-python_c82fd4343afa4b88ab294fe033ca0bc4\vendor\llama.cpp\examples\llava\clip.cpp(1470,13):
            __declspec(nothrow), throw(), noexcept(true), or noexcept was specified on the function

      C:\Users\pkidw\AppData\Local\Temp\pip-install-cfvsgpbi\llama-cpp-python_c82fd4343afa4b88ab294fe033ca0bc4\vendor\llama.cpp\examples\llava\clip.cpp(2615,5):
 warning C4297: 'clip_n_mmproj_embd': function assumed not to throw an exception but does [C:\Users\pkidw\AppData\Local\Temp\tmpfnv2jc_f\build\vendor\llama.cpp\examples\llava\llava.vcxproj]
            C:\Users\pkidw\AppData\Local\Temp\pip-install-cfvsgpbi\llama-cpp-python_c82fd4343afa4b88ab294fe033ca0bc4\vendor\llama.cpp\examples\llava\clip.cpp(2615,5):
            __declspec(nothrow), throw(), noexcept(true), or noexcept was specified on the function

        Generating Code...
      Lib:
        C:\Program Files (x86)\Microsoft Visual Studio\2022\BuildTools\VC\Tools\MSVC\14.44.35207\bin\HostX64\x64\Lib.exe /OUT:"llava.dir\Release\llava.lib" /NOLOGO /MACHINE:X64  /machine:x64 llava.dir\Release\llava.obj
        llava.dir\Release\clip.obj
        llava.vcxproj -> C:\Users\pkidw\AppData\Local\Temp\tmpfnv2jc_f\build\vendor\llama.cpp\examples\llava\llava.dir\Release\llava.lib
      FinalizeBuildStatus:
        Deleting file "llava.dir\Release\llava.tlog\unsuccessfulbuild".
        Touching "llava.dir\Release\llava.tlog\llava.lastbuildstate".
      Done Building Project "C:\Users\pkidw\AppData\Local\Temp\tmpfnv2jc_f\build\vendor\llama.cpp\examples\llava\llava.vcxproj" (default targets).
      Project "C:\Users\pkidw\AppData\Local\Temp\tmpfnv2jc_f\build\ALL_BUILD.vcxproj" (1) is building "C:\Users\pkidw\AppData\Local\Temp\tmpfnv2jc_f\build\vendor\llama.cpp\common\common.vcxproj" (10) on node 1 (default targets).
      PrepareForBuild:
        Creating directory "common.dir\Release\".
      C:\Program Files (x86)\Microsoft Visual Studio\2022\BuildTools\MSBuild\Microsoft\VC\v170\Microsoft.CppBuild.targets(548,5): warning MSB8029: The Intermedi
ate directory or Output directory cannot reside under the Temporary directory as it could lead to issues with incremental build. [C:\Users\pkidw\AppData\Local\Temp\tmpfnv2jc_f\build\vendor\llama.cpp\common\common.vcxproj]
        Structured output is enabled. The formatting of compiler diagnostics will reflect the error hierarchy. See https://aka.ms/cpp/structured-output for more details.
        Creating directory "C:\Users\pkidw\AppData\Local\Temp\tmpfnv2jc_f\build\vendor\llama.cpp\common\Release\".
        Creating directory "common.dir\Release\common.tlog\".
      InitializeBuildStatus:
        Creating "common.dir\Release\common.tlog\unsuccessfulbuild" because "AlwaysCreate" was specified.
        Touching "common.dir\Release\common.tlog\unsuccessfulbuild".
      CustomBuild:
        Building Custom Rule C:/Users/pkidw/AppData/Local/Temp/pip-install-cfvsgpbi/llama-cpp-python_c82fd4343afa4b88ab294fe033ca0bc4/vendor/llama.cpp/common/CMakeLists.txt
      ClCompile:
        C:\Program Files (x86)\Microsoft Visual Studio\2022\BuildTools\VC\Tools\MSVC\14.44.35207\bin\HostX64\x64\CL.exe /c /I"C:\Users\pkidw\AppData\Local\Temp\
pip-install-cfvsgpbi\llama-cpp-python_c82fd4343afa4b88ab294fe033ca0bc4\vendor\llama.cpp\common\." /I"C:\Users\pkidw\AppData\Local\Temp\pip-install-cfvsgpbi\llam
a-cpp-python_c82fd4343afa4b88ab294fe033ca0bc4\vendor\llama.cpp\src\." /I"C:\Users\pkidw\AppData\Local\Temp\pip-install-cfvsgpbi\llama-cpp-python_c82fd4343afa4b8
8ab294fe033ca0bc4\vendor\llama.cpp\src\..\include" /I"C:\Users\pkidw\AppData\Local\Temp\pip-install-cfvsgpbi\llama-cpp-python_c82fd4343afa4b88ab294fe033ca0bc4\v
endor\llama.cpp\ggml\src\..\include" /nologo /W1 /WX- /diagnostics:column /O2 /Ob2 /D _MBCS /D WIN32 /D _WINDOWS /D NDEBUG /D _CRT_SECURE_NO_WARNINGS /D LLAMA_S
HARED /D GGML_USE_CPU /D GGML_USE_AMX /D GGML_SHARED /D GGML_BACKEND_SHARED /D "CMAKE_INTDIR=\"Release\"" /EHsc /MD /GS /fp:precise /Zc:wchar_t /Zc:forScope /Zc
:inline /Fo"common.dir\Release\\" /Fd"C:\Users\pkidw\AppData\Local\Temp\tmpfnv2jc_f\build\vendor\llama.cpp\common\Release\common.pdb" /external:W1 /Gd /TP /erro
rReport:queue "C:\Users\pkidw\AppData\Local\Temp\pip-install-cfvsgpbi\llama-cpp-python_c82fd4343afa4b88ab294fe033ca0bc4\vendor\llama.cpp\common\arg.cpp" "C:\Use
rs\pkidw\AppData\Local\Temp\pip-install-cfvsgpbi\llama-cpp-python_c82fd4343afa4b88ab294fe033ca0bc4\vendor\llama.cpp\common\common.cpp" "C:\Users\pkidw\AppData\L
ocal\Temp\pip-install-cfvsgpbi\llama-cpp-python_c82fd4343afa4b88ab294fe033ca0bc4\vendor\llama.cpp\common\console.cpp" "C:\Users\pkidw\AppData\Local\Temp\pip-ins
tall-cfvsgpbi\llama-cpp-python_c82fd4343afa4b88ab294fe033ca0bc4\vendor\llama.cpp\common\json-schema-to-grammar.cpp" "C:\Users\pkidw\AppData\Local\Temp\pip-insta
ll-cfvsgpbi\llama-cpp-python_c82fd4343afa4b88ab294fe033ca0bc4\vendor\llama.cpp\common\log.cpp" "C:\Users\pkidw\AppData\Local\Temp\pip-install-cfvsgpbi\llama-cpp
-python_c82fd4343afa4b88ab294fe033ca0bc4\vendor\llama.cpp\common\ngram-cache.cpp" "C:\Users\pkidw\AppData\Local\Temp\pip-install-cfvsgpbi\llama-cpp-python_c82fd4343afa4b88ab294fe033ca0bc4\vendor\llama.cpp\common\sampling.cpp"
        arg.cpp
      C:\Users\pkidw\AppData\Local\Temp\pip-install-cfvsgpbi\llama-cpp-python_c82fd4343afa4b88ab294fe033ca0bc4\vendor\llama.cpp\common\arg.cpp(1996,41): warning
 C4834: discarding return value of function with [[nodiscard]] attribute [C:\Users\pkidw\AppData\Local\Temp\tmpfnv2jc_f\build\vendor\llama.cpp\common\common.vcxproj]
        common.cpp
      C:\Users\pkidw\AppData\Local\Temp\pip-install-cfvsgpbi\llama-cpp-python_c82fd4343afa4b88ab294fe033ca0bc4\vendor\llama.cpp\common\common.cpp(432,32): error C2039: 'system_clock': is not a member of 'std::chrono' [C:\Users\pkidw\AppData\Local\Temp\tmpfnv2jc_f\build\vendor\llama.cpp\common\common.vcxproj]
            C:\Program Files (x86)\Microsoft Visual Studio\2022\BuildTools\VC\Tools\MSVC\14.44.35207\include\__msvc_chrono.hpp(286,11):
            see declaration of 'std::chrono'

      C:\Users\pkidw\AppData\Local\Temp\pip-install-cfvsgpbi\llama-cpp-python_c82fd4343afa4b88ab294fe033ca0bc4\vendor\llama.cpp\common\common.cpp(432,32): error C2061: syntax error: identifier 'system_clock' [C:\Users\pkidw\AppData\Local\Temp\tmpfnv2jc_f\build\vendor\llama.cpp\common\common.vcxproj]
      C:\Users\pkidw\AppData\Local\Temp\pip-install-cfvsgpbi\llama-cpp-python_c82fd4343afa4b88ab294fe033ca0bc4\vendor\llama.cpp\common\common.cpp(434,11): error C2653: 'clock': is not a class or namespace name [C:\Users\pkidw\AppData\Local\Temp\tmpfnv2jc_f\build\vendor\llama.cpp\common\common.vcxproj]
      C:\Users\pkidw\AppData\Local\Temp\pip-install-cfvsgpbi\llama-cpp-python_c82fd4343afa4b88ab294fe033ca0bc4\vendor\llama.cpp\common\common.cpp(434,5): error
C4430: missing type specifier - int assumed. Note: C++ does not support default-int [C:\Users\pkidw\AppData\Local\Temp\tmpfnv2jc_f\build\vendor\llama.cpp\common\common.vcxproj]
      C:\Users\pkidw\AppData\Local\Temp\pip-install-cfvsgpbi\llama-cpp-python_c82fd4343afa4b88ab294fe033ca0bc4\vendor\llama.cpp\common\common.cpp(434,29): error C2146: syntax error: missing ';' before identifier 'current_time' [C:\Users\pkidw\AppData\Local\Temp\tmpfnv2jc_f\build\vendor\llama.cpp\common\common.vcxproj]
      C:\Users\pkidw\AppData\Local\Temp\pip-install-cfvsgpbi\llama-cpp-python_c82fd4343afa4b88ab294fe033ca0bc4\vendor\llama.cpp\common\common.cpp(434,29): error C2065: 'current_time': undeclared identifier [C:\Users\pkidw\AppData\Local\Temp\tmpfnv2jc_f\build\vendor\llama.cpp\common\common.vcxproj]
      C:\Users\pkidw\AppData\Local\Temp\pip-install-cfvsgpbi\llama-cpp-python_c82fd4343afa4b88ab294fe033ca0bc4\vendor\llama.cpp\common\common.cpp(434,44): error C2653: 'clock': is not a class or namespace name [C:\Users\pkidw\AppData\Local\Temp\tmpfnv2jc_f\build\vendor\llama.cpp\common\common.vcxproj]
      C:\Users\pkidw\AppData\Local\Temp\pip-install-cfvsgpbi\llama-cpp-python_c82fd4343afa4b88ab294fe033ca0bc4\vendor\llama.cpp\common\common.cpp(434,51): error C3861: 'now': identifier not found [C:\Users\pkidw\AppData\Local\Temp\tmpfnv2jc_f\build\vendor\llama.cpp\common\common.vcxproj]
      C:\Users\pkidw\AppData\Local\Temp\pip-install-cfvsgpbi\llama-cpp-python_c82fd4343afa4b88ab294fe033ca0bc4\vendor\llama.cpp\common\common.cpp(435,30): error C2653: 'clock': is not a class or namespace name [C:\Users\pkidw\AppData\Local\Temp\tmpfnv2jc_f\build\vendor\llama.cpp\common\common.vcxproj]
      C:\Users\pkidw\AppData\Local\Temp\pip-install-cfvsgpbi\llama-cpp-python_c82fd4343afa4b88ab294fe033ca0bc4\vendor\llama.cpp\common\common.cpp(435,47): error C2065: 'current_time': undeclared identifier [C:\Users\pkidw\AppData\Local\Temp\tmpfnv2jc_f\build\vendor\llama.cpp\common\common.vcxproj]
      C:\Users\pkidw\AppData\Local\Temp\pip-install-cfvsgpbi\llama-cpp-python_c82fd4343afa4b88ab294fe033ca0bc4\vendor\llama.cpp\common\common.cpp(435,37): error C3861: 'to_time_t': identifier not found [C:\Users\pkidw\AppData\Local\Temp\tmpfnv2jc_f\build\vendor\llama.cpp\common\common.vcxproj]
      C:\Users\pkidw\AppData\Local\Temp\pip-install-cfvsgpbi\llama-cpp-python_c82fd4343afa4b88ab294fe033ca0bc4\vendor\llama.cpp\common\common.cpp(440,9): error C2065: 'current_time': undeclared identifier [C:\Users\pkidw\AppData\Local\Temp\tmpfnv2jc_f\build\vendor\llama.cpp\common\common.vcxproj]
      C:\Users\pkidw\AppData\Local\Temp\pip-install-cfvsgpbi\llama-cpp-python_c82fd4343afa4b88ab294fe033ca0bc4\vendor\llama.cpp\common\common.cpp(439,37): error
 C2672: 'std::chrono::duration_cast': no matching overloaded function found [C:\Users\pkidw\AppData\Local\Temp\tmpfnv2jc_f\build\vendor\llama.cpp\common\common.vcxproj]
            C:\Program Files (x86)\Microsoft Visual Studio\2022\BuildTools\VC\Tools\MSVC\14.44.35207\include\__msvc_chrono.hpp(87,19):
            could be '_To std::chrono::duration_cast(const std::chrono::duration<_Rep,_Period> &) noexcept(<expr>)'

      C:\Users\pkidw\AppData\Local\Temp\pip-install-cfvsgpbi\llama-cpp-python_c82fd4343afa4b88ab294fe033ca0bc4\vendor\llama.cpp\common\common.cpp(439,19): error C2737: 'ns': const object must be initialized [C:\Users\pkidw\AppData\Local\Temp\tmpfnv2jc_f\build\vendor\llama.cpp\common\common.vcxproj]
        console.cpp
        json-schema-to-grammar.cpp
        log.cpp
      C:\Users\pkidw\AppData\Local\Temp\pip-install-cfvsgpbi\llama-cpp-python_c82fd4343afa4b88ab294fe033ca0bc4\vendor\llama.cpp\common\log.cpp(28,79): error C2039: 'system_clock': is not a member of 'std::chrono' [C:\Users\pkidw\AppData\Local\Temp\tmpfnv2jc_f\build\vendor\llama.cpp\common\common.vcxproj]
            C:\Program Files (x86)\Microsoft Visual Studio\2022\BuildTools\VC\Tools\MSVC\14.44.35207\include\__msvc_chrono.hpp(286,11):
            see declaration of 'std::chrono'

      C:\Users\pkidw\AppData\Local\Temp\pip-install-cfvsgpbi\llama-cpp-python_c82fd4343afa4b88ab294fe033ca0bc4\vendor\llama.cpp\common\log.cpp(28,79): error C3083: 'system_clock': the symbol to the left of a '::' must be a type [C:\Users\pkidw\AppData\Local\Temp\tmpfnv2jc_f\build\vendor\llama.cpp\common\common.vcxproj]
      C:\Users\pkidw\AppData\Local\Temp\pip-install-cfvsgpbi\llama-cpp-python_c82fd4343afa4b88ab294fe033ca0bc4\vendor\llama.cpp\common\log.cpp(28,93): error C2039: 'now': is not a member of 'std::chrono' [C:\Users\pkidw\AppData\Local\Temp\tmpfnv2jc_f\build\vendor\llama.cpp\common\common.vcxproj]
            C:\Program Files (x86)\Microsoft Visual Studio\2022\BuildTools\VC\Tools\MSVC\14.44.35207\include\__msvc_chrono.hpp(286,11):
            see declaration of 'std::chrono'

      C:\Users\pkidw\AppData\Local\Temp\pip-install-cfvsgpbi\llama-cpp-python_c82fd4343afa4b88ab294fe033ca0bc4\vendor\llama.cpp\common\log.cpp(28,93): error C3861: 'now': identifier not found [C:\Users\pkidw\AppData\Local\Temp\tmpfnv2jc_f\build\vendor\llama.cpp\common\common.vcxproj]
      C:\Users\pkidw\AppData\Local\Temp\pip-install-cfvsgpbi\llama-cpp-python_c82fd4343afa4b88ab294fe033ca0bc4\vendor\llama.cpp\common\log.cpp(28,25): error C26
72: 'std::chrono::duration_cast': no matching overloaded function found [C:\Users\pkidw\AppData\Local\Temp\tmpfnv2jc_f\build\vendor\llama.cpp\common\common.vcxproj]
            C:\Program Files (x86)\Microsoft Visual Studio\2022\BuildTools\VC\Tools\MSVC\14.44.35207\include\__msvc_chrono.hpp(87,19):
            could be '_To std::chrono::duration_cast(const std::chrono::duration<_Rep,_Period> &) noexcept(<expr>)'

        ngram-cache.cpp
        sampling.cpp
        Generating Code...
      Done Building Project "C:\Users\pkidw\AppData\Local\Temp\tmpfnv2jc_f\build\vendor\llama.cpp\common\common.vcxproj" (default targets) -- FAILED.
      Project "C:\Users\pkidw\AppData\Local\Temp\tmpfnv2jc_f\build\ALL_BUILD.vcxproj" (1) is building "C:\Users\pkidw\AppData\Local\Temp\tmpfnv2jc_f\build\vendor\llama.cpp\examples\llava\llava_shared.vcxproj" (13) on node 1 (default targets).
      PrepareForBuild:
        Creating directory "llava_shared.dir\Release\".
      C:\Program Files (x86)\Microsoft Visual Studio\2022\BuildTools\MSBuild\Microsoft\VC\v170\Microsoft.CppBuild.targets(548,5): warning MSB8029: The Intermedi
ate directory or Output directory cannot reside under the Temporary directory as it could lead to issues with incremental build. [C:\Users\pkidw\AppData\Local\Temp\tmpfnv2jc_f\build\vendor\llama.cpp\examples\llava\llava_shared.vcxproj]
        Structured output is enabled. The formatting of compiler diagnostics will reflect the error hierarchy. See https://aka.ms/cpp/structured-output for more details.
        Creating directory "C:\Users\pkidw\AppData\Local\Temp\tmpfnv2jc_f\build\vendor\llama.cpp\examples\llava\Release\".
        Creating directory "llava_shared.dir\Release\llava_shared.tlog\".
      InitializeBuildStatus:
        Creating "llava_shared.dir\Release\llava_shared.tlog\unsuccessfulbuild" because "AlwaysCreate" was specified.
        Touching "llava_shared.dir\Release\llava_shared.tlog\unsuccessfulbuild".
      CustomBuild:
        Building Custom Rule C:/Users/pkidw/AppData/Local/Temp/pip-install-cfvsgpbi/llama-cpp-python_c82fd4343afa4b88ab294fe033ca0bc4/vendor/llama.cpp/examples/llava/CMakeLists.txt
      Link:
        C:\Program Files (x86)\Microsoft Visual Studio\2022\BuildTools\VC\Tools\MSVC\14.44.35207\bin\HostX64\x64\link.exe /ERRORREPORT:QUEUE /OUT:"C:\Users\pkid
w\AppData\Local\Temp\tmpfnv2jc_f\build\vendor\llama.cpp\examples\llava\Release\llava.dll" /INCREMENTAL:NO /NOLOGO ..\..\src\Release\llama.lib ..\..\ggml\src\Rel
ease\ggml.lib "..\..\ggml\src\ggml-cpu\Release\ggml-cpu.lib" "..\..\ggml\src\ggml-amx\Release\ggml-amx.lib" "..\..\ggml\src\Release\ggml-base.lib" kernel32.lib
user32.lib gdi32.lib winspool.lib shell32.lib ole32.lib oleaut32.lib uuid.lib comdlg32.lib advapi32.lib /MANIFEST /MANIFESTUAC:"level='asInvoker' uiAccess='fals
e'" /manifest:embed /PDB:"C:/Users/pkidw/AppData/Local/Temp/tmpfnv2jc_f/build/vendor/llama.cpp/examples/llava/Release/llava.pdb" /SUBSYSTEM:CONSOLE /TLBID:1 /DY
NAMICBASE /NXCOMPAT /IMPLIB:"C:/Users/pkidw/AppData/Local/Temp/tmpfnv2jc_f/build/vendor/llama.cpp/examples/llava/Release/llava.lib" /MACHINE:X64  /machine:x64 /DLL C:\Users\pkidw\AppData\Local\Temp\tmpfnv2jc_f\build\vendor\llama.cpp\examples\llava\llava.dir\Release\llava.obj
        C:\Users\pkidw\AppData\Local\Temp\tmpfnv2jc_f\build\vendor\llama.cpp\examples\llava\llava.dir\Release\clip.obj
           Creating library C:/Users/pkidw/AppData/Local/Temp/tmpfnv2jc_f/build/vendor/llama.cpp/examples/llava/Release/llava.lib and object C:/Users/pkidw/AppData/Local/Temp/tmpfnv2jc_f/build/vendor/llama.cpp/examples/llava/Release/llava.exp
        llava_shared.vcxproj -> C:\Users\pkidw\AppData\Local\Temp\tmpfnv2jc_f\build\vendor\llama.cpp\examples\llava\Release\llava.dll
      FinalizeBuildStatus:
        Deleting file "llava_shared.dir\Release\llava_shared.tlog\unsuccessfulbuild".
        Touching "llava_shared.dir\Release\llava_shared.tlog\llava_shared.lastbuildstate".
      Done Building Project "C:\Users\pkidw\AppData\Local\Temp\tmpfnv2jc_f\build\vendor\llama.cpp\examples\llava\llava_shared.vcxproj" (default targets).
      Project "C:\Users\pkidw\AppData\Local\Temp\tmpfnv2jc_f\build\ALL_BUILD.vcxproj" (1) is building "C:\Users\pkidw\AppData\Local\Temp\tmpfnv2jc_f\build\vendor\llama.cpp\examples\llava\llava_static.vcxproj" (14) on node 1 (default targets).
      PrepareForBuild:
        Creating directory "llava_static.dir\Release\".
      C:\Program Files (x86)\Microsoft Visual Studio\2022\BuildTools\MSBuild\Microsoft\VC\v170\Microsoft.CppBuild.targets(548,5): warning MSB8029: The Intermedi
ate directory or Output directory cannot reside under the Temporary directory as it could lead to issues with incremental build. [C:\Users\pkidw\AppData\Local\Temp\tmpfnv2jc_f\build\vendor\llama.cpp\examples\llava\llava_static.vcxproj]
        Structured output is enabled. The formatting of compiler diagnostics will reflect the error hierarchy. See https://aka.ms/cpp/structured-output for more details.
        Creating directory "llava_static.dir\Release\llava_static.tlog\".
      InitializeBuildStatus:
        Creating "llava_static.dir\Release\llava_static.tlog\unsuccessfulbuild" because "AlwaysCreate" was specified.
        Touching "llava_static.dir\Release\llava_static.tlog\unsuccessfulbuild".
      CustomBuild:
        Building Custom Rule C:/Users/pkidw/AppData/Local/Temp/pip-install-cfvsgpbi/llama-cpp-python_c82fd4343afa4b88ab294fe033ca0bc4/vendor/llama.cpp/examples/llava/CMakeLists.txt
      Lib:
        C:\Program Files (x86)\Microsoft Visual Studio\2022\BuildTools\VC\Tools\MSVC\14.44.35207\bin\HostX64\x64\Lib.exe /OUT:"C:\Users\pkidw\AppData\Local\Temp
\tmpfnv2jc_f\build\vendor\llama.cpp\examples\llava\Release\llava_static.lib" /NOLOGO /MACHINE:X64  /machine:x64 C:\Users\pkidw\AppData\Local\Temp\tmpfnv2jc_f\build\vendor\llama.cpp\examples\llava\llava.dir\Release\llava.obj
        C:\Users\pkidw\AppData\Local\Temp\tmpfnv2jc_f\build\vendor\llama.cpp\examples\llava\llava.dir\Release\clip.obj
        llava_static.vcxproj -> C:\Users\pkidw\AppData\Local\Temp\tmpfnv2jc_f\build\vendor\llama.cpp\examples\llava\Release\llava_static.lib
      FinalizeBuildStatus:
        Deleting file "llava_static.dir\Release\llava_static.tlog\unsuccessfulbuild".
        Touching "llava_static.dir\Release\llava_static.tlog\llava_static.lastbuildstate".
      Done Building Project "C:\Users\pkidw\AppData\Local\Temp\tmpfnv2jc_f\build\vendor\llama.cpp\examples\llava\llava_static.vcxproj" (default targets).
      Done Building Project "C:\Users\pkidw\AppData\Local\Temp\tmpfnv2jc_f\build\ALL_BUILD.vcxproj" (default targets) -- FAILED.

      Build FAILED.

      "C:\Users\pkidw\AppData\Local\Temp\tmpfnv2jc_f\build\ALL_BUILD.vcxproj" (default target) (1) ->
      "C:\Users\pkidw\AppData\Local\Temp\tmpfnv2jc_f\build\ZERO_CHECK.vcxproj" (default target) (2) ->
      (PrepareForBuild target) ->
        C:\Program Files (x86)\Microsoft Visual Studio\2022\BuildTools\MSBuild\Microsoft\VC\v170\Microsoft.CppBuild.targets(548,5): warning MSB8029: The Interme
diate directory or Output directory cannot reside under the Temporary directory as it could lead to issues with incremental build. [C:\Users\pkidw\AppData\Local\Temp\tmpfnv2jc_f\build\ZERO_CHECK.vcxproj]


      "C:\Users\pkidw\AppData\Local\Temp\tmpfnv2jc_f\build\ALL_BUILD.vcxproj" (default target) (1) ->
      "C:\Users\pkidw\AppData\Local\Temp\tmpfnv2jc_f\build\vendor\llama.cpp\common\build_info.vcxproj" (default target) (3) ->
        C:\Program Files (x86)\Microsoft Visual Studio\2022\BuildTools\MSBuild\Microsoft\VC\v170\Microsoft.CppBuild.targets(548,5): warning MSB8029: The Interme
diate directory or Output directory cannot reside under the Temporary directory as it could lead to issues with incremental build. [C:\Users\pkidw\AppData\Local\Temp\tmpfnv2jc_f\build\vendor\llama.cpp\common\build_info.vcxproj]


      "C:\Users\pkidw\AppData\Local\Temp\tmpfnv2jc_f\build\ALL_BUILD.vcxproj" (default target) (1) ->
      "C:\Users\pkidw\AppData\Local\Temp\tmpfnv2jc_f\build\vendor\llama.cpp\examples\llava\llava.vcxproj" (default target) (4) ->
      "C:\Users\pkidw\AppData\Local\Temp\tmpfnv2jc_f\build\vendor\llama.cpp\ggml\src\ggml.vcxproj" (default target) (5) ->
      "C:\Users\pkidw\AppData\Local\Temp\tmpfnv2jc_f\build\vendor\llama.cpp\ggml\src\ggml-amx\ggml-amx.vcxproj" (default target) (6) ->
      "C:\Users\pkidw\AppData\Local\Temp\tmpfnv2jc_f\build\vendor\llama.cpp\ggml\src\ggml-base.vcxproj" (default target) (7) ->
        C:\Program Files (x86)\Microsoft Visual Studio\2022\BuildTools\MSBuild\Microsoft\VC\v170\Microsoft.CppBuild.targets(548,5): warning MSB8029: The Interme
diate directory or Output directory cannot reside under the Temporary directory as it could lead to issues with incremental build. [C:\Users\pkidw\AppData\Local\Temp\tmpfnv2jc_f\build\vendor\llama.cpp\ggml\src\ggml-base.vcxproj]


      "C:\Users\pkidw\AppData\Local\Temp\tmpfnv2jc_f\build\ALL_BUILD.vcxproj" (default target) (1) ->
      "C:\Users\pkidw\AppData\Local\Temp\tmpfnv2jc_f\build\vendor\llama.cpp\examples\llava\llava.vcxproj" (default target) (4) ->
      "C:\Users\pkidw\AppData\Local\Temp\tmpfnv2jc_f\build\vendor\llama.cpp\ggml\src\ggml.vcxproj" (default target) (5) ->
      "C:\Users\pkidw\AppData\Local\Temp\tmpfnv2jc_f\build\vendor\llama.cpp\ggml\src\ggml-amx\ggml-amx.vcxproj" (default target) (6) ->
      "C:\Users\pkidw\AppData\Local\Temp\tmpfnv2jc_f\build\vendor\llama.cpp\ggml\src\ggml-base.vcxproj" (default target) (7) ->
      (ClCompile target) ->
        C:\Program Files (x86)\Windows Kits\10\Include\10.0.19041.0\um\winbase.h(9572,5): warning C5105: macro expansion producing 'defined' has undefined behavior [C:\Users\pkidw\AppData\Local\Temp\tmpfnv2jc_f\build\vendor\llama.cpp\ggml\src\ggml-base.vcxproj]


      "C:\Users\pkidw\AppData\Local\Temp\tmpfnv2jc_f\build\ALL_BUILD.vcxproj" (default target) (1) ->
      "C:\Users\pkidw\AppData\Local\Temp\tmpfnv2jc_f\build\vendor\llama.cpp\examples\llava\llava.vcxproj" (default target) (4) ->
      "C:\Users\pkidw\AppData\Local\Temp\tmpfnv2jc_f\build\vendor\llama.cpp\ggml\src\ggml.vcxproj" (default target) (5) ->
      "C:\Users\pkidw\AppData\Local\Temp\tmpfnv2jc_f\build\vendor\llama.cpp\ggml\src\ggml-amx\ggml-amx.vcxproj" (default target) (6) ->
      (PrepareForBuild target) ->
        C:\Program Files (x86)\Microsoft Visual Studio\2022\BuildTools\MSBuild\Microsoft\VC\v170\Microsoft.CppBuild.targets(548,5): warning MSB8029: The Interme
diate directory or Output directory cannot reside under the Temporary directory as it could lead to issues with incremental build. [C:\Users\pkidw\AppData\Local\Temp\tmpfnv2jc_f\build\vendor\llama.cpp\ggml\src\ggml-amx\ggml-amx.vcxproj]


      "C:\Users\pkidw\AppData\Local\Temp\tmpfnv2jc_f\build\ALL_BUILD.vcxproj" (default target) (1) ->
      "C:\Users\pkidw\AppData\Local\Temp\tmpfnv2jc_f\build\vendor\llama.cpp\examples\llava\llava.vcxproj" (default target) (4) ->
      "C:\Users\pkidw\AppData\Local\Temp\tmpfnv2jc_f\build\vendor\llama.cpp\ggml\src\ggml.vcxproj" (default target) (5) ->
      "C:\Users\pkidw\AppData\Local\Temp\tmpfnv2jc_f\build\vendor\llama.cpp\ggml\src\ggml-cpu\ggml-cpu.vcxproj" (default target) (8) ->
        C:\Program Files (x86)\Microsoft Visual Studio\2022\BuildTools\MSBuild\Microsoft\VC\v170\Microsoft.CppBuild.targets(548,5): warning MSB8029: The Interme
diate directory or Output directory cannot reside under the Temporary directory as it could lead to issues with incremental build. [C:\Users\pkidw\AppData\Local\Temp\tmpfnv2jc_f\build\vendor\llama.cpp\ggml\src\ggml-cpu\ggml-cpu.vcxproj]


      "C:\Users\pkidw\AppData\Local\Temp\tmpfnv2jc_f\build\ALL_BUILD.vcxproj" (default target) (1) ->
      "C:\Users\pkidw\AppData\Local\Temp\tmpfnv2jc_f\build\vendor\llama.cpp\examples\llava\llava.vcxproj" (default target) (4) ->
      "C:\Users\pkidw\AppData\Local\Temp\tmpfnv2jc_f\build\vendor\llama.cpp\ggml\src\ggml.vcxproj" (default target) (5) ->
      "C:\Users\pkidw\AppData\Local\Temp\tmpfnv2jc_f\build\vendor\llama.cpp\ggml\src\ggml-cpu\ggml-cpu.vcxproj" (default target) (8) ->
      (ClCompile target) ->
        C:\Program Files (x86)\Windows Kits\10\Include\10.0.19041.0\um\winbase.h(9572,5): warning C5105: macro expansion producing 'defined' has undefined behavior [C:\Users\pkidw\AppData\Local\Temp\tmpfnv2jc_f\build\vendor\llama.cpp\ggml\src\ggml-cpu\ggml-cpu.vcxproj]


      "C:\Users\pkidw\AppData\Local\Temp\tmpfnv2jc_f\build\ALL_BUILD.vcxproj" (default target) (1) ->
      "C:\Users\pkidw\AppData\Local\Temp\tmpfnv2jc_f\build\vendor\llama.cpp\examples\llava\llava.vcxproj" (default target) (4) ->
      "C:\Users\pkidw\AppData\Local\Temp\tmpfnv2jc_f\build\vendor\llama.cpp\ggml\src\ggml.vcxproj" (default target) (5) ->
      (PrepareForBuild target) ->
        C:\Program Files (x86)\Microsoft Visual Studio\2022\BuildTools\MSBuild\Microsoft\VC\v170\Microsoft.CppBuild.targets(548,5): warning MSB8029: The Interme
diate directory or Output directory cannot reside under the Temporary directory as it could lead to issues with incremental build. [C:\Users\pkidw\AppData\Local\Temp\tmpfnv2jc_f\build\vendor\llama.cpp\ggml\src\ggml.vcxproj]


      "C:\Users\pkidw\AppData\Local\Temp\tmpfnv2jc_f\build\ALL_BUILD.vcxproj" (default target) (1) ->
      "C:\Users\pkidw\AppData\Local\Temp\tmpfnv2jc_f\build\vendor\llama.cpp\examples\llava\llava.vcxproj" (default target) (4) ->
      "C:\Users\pkidw\AppData\Local\Temp\tmpfnv2jc_f\build\vendor\llama.cpp\src\llama.vcxproj" (default target) (9) ->
        C:\Program Files (x86)\Microsoft Visual Studio\2022\BuildTools\MSBuild\Microsoft\VC\v170\Microsoft.CppBuild.targets(548,5): warning MSB8029: The Interme
diate directory or Output directory cannot reside under the Temporary directory as it could lead to issues with incremental build. [C:\Users\pkidw\AppData\Local\Temp\tmpfnv2jc_f\build\vendor\llama.cpp\src\llama.vcxproj]


      "C:\Users\pkidw\AppData\Local\Temp\tmpfnv2jc_f\build\ALL_BUILD.vcxproj" (default target) (1) ->
      "C:\Users\pkidw\AppData\Local\Temp\tmpfnv2jc_f\build\vendor\llama.cpp\examples\llava\llava.vcxproj" (default target) (4) ->
        C:\Program Files (x86)\Microsoft Visual Studio\2022\BuildTools\MSBuild\Microsoft\VC\v170\Microsoft.CppBuild.targets(548,5): warning MSB8029: The Interme
diate directory or Output directory cannot reside under the Temporary directory as it could lead to issues with incremental build. [C:\Users\pkidw\AppData\Local\Temp\tmpfnv2jc_f\build\vendor\llama.cpp\examples\llava\llava.vcxproj]


      "C:\Users\pkidw\AppData\Local\Temp\tmpfnv2jc_f\build\ALL_BUILD.vcxproj" (default target) (1) ->
      "C:\Users\pkidw\AppData\Local\Temp\tmpfnv2jc_f\build\vendor\llama.cpp\examples\llava\llava.vcxproj" (default target) (4) ->
      (ClCompile target) ->
        C:\Users\pkidw\AppData\Local\Temp\pip-install-cfvsgpbi\llama-cpp-python_c82fd4343afa4b88ab294fe033ca0bc4\vendor\llama.cpp\examples\llava\clip.cpp(1042,9
): warning C4297: 'clip_model_load': function assumed not to throw an exception but does [C:\Users\pkidw\AppData\Local\Temp\tmpfnv2jc_f\build\vendor\llama.cpp\examples\llava\llava.vcxproj]
        C:\Users\pkidw\AppData\Local\Temp\pip-install-cfvsgpbi\llama-cpp-python_c82fd4343afa4b88ab294fe033ca0bc4\vendor\llama.cpp\examples\llava\clip.cpp(1470,1
3): warning C4297: 'clip_model_load': function assumed not to throw an exception but does [C:\Users\pkidw\AppData\Local\Temp\tmpfnv2jc_f\build\vendor\llama.cpp\examples\llava\llava.vcxproj]
        C:\Users\pkidw\AppData\Local\Temp\pip-install-cfvsgpbi\llama-cpp-python_c82fd4343afa4b88ab294fe033ca0bc4\vendor\llama.cpp\examples\llava\clip.cpp(2615,5
): warning C4297: 'clip_n_mmproj_embd': function assumed not to throw an exception but does [C:\Users\pkidw\AppData\Local\Temp\tmpfnv2jc_f\build\vendor\llama.cpp\examples\llava\llava.vcxproj]


      "C:\Users\pkidw\AppData\Local\Temp\tmpfnv2jc_f\build\ALL_BUILD.vcxproj" (default target) (1) ->
      "C:\Users\pkidw\AppData\Local\Temp\tmpfnv2jc_f\build\vendor\llama.cpp\common\common.vcxproj" (default target) (10) ->
      (PrepareForBuild target) ->
        C:\Program Files (x86)\Microsoft Visual Studio\2022\BuildTools\MSBuild\Microsoft\VC\v170\Microsoft.CppBuild.targets(548,5): warning MSB8029: The Interme
diate directory or Output directory cannot reside under the Temporary directory as it could lead to issues with incremental build. [C:\Users\pkidw\AppData\Local\Temp\tmpfnv2jc_f\build\vendor\llama.cpp\common\common.vcxproj]


      "C:\Users\pkidw\AppData\Local\Temp\tmpfnv2jc_f\build\ALL_BUILD.vcxproj" (default target) (1) ->
      "C:\Users\pkidw\AppData\Local\Temp\tmpfnv2jc_f\build\vendor\llama.cpp\common\common.vcxproj" (default target) (10) ->
      (ClCompile target) ->
        C:\Users\pkidw\AppData\Local\Temp\pip-install-cfvsgpbi\llama-cpp-python_c82fd4343afa4b88ab294fe033ca0bc4\vendor\llama.cpp\common\arg.cpp(1996,41): warni
ng C4834: discarding return value of function with [[nodiscard]] attribute [C:\Users\pkidw\AppData\Local\Temp\tmpfnv2jc_f\build\vendor\llama.cpp\common\common.vcxproj]


      "C:\Users\pkidw\AppData\Local\Temp\tmpfnv2jc_f\build\ALL_BUILD.vcxproj" (default target) (1) ->
      "C:\Users\pkidw\AppData\Local\Temp\tmpfnv2jc_f\build\vendor\llama.cpp\examples\llava\llava_shared.vcxproj" (default target) (13) ->
      (PrepareForBuild target) ->
        C:\Program Files (x86)\Microsoft Visual Studio\2022\BuildTools\MSBuild\Microsoft\VC\v170\Microsoft.CppBuild.targets(548,5): warning MSB8029: The Interme
diate directory or Output directory cannot reside under the Temporary directory as it could lead to issues with incremental build. [C:\Users\pkidw\AppData\Local\Temp\tmpfnv2jc_f\build\vendor\llama.cpp\examples\llava\llava_shared.vcxproj]


      "C:\Users\pkidw\AppData\Local\Temp\tmpfnv2jc_f\build\ALL_BUILD.vcxproj" (default target) (1) ->
      "C:\Users\pkidw\AppData\Local\Temp\tmpfnv2jc_f\build\vendor\llama.cpp\examples\llava\llava_static.vcxproj" (default target) (14) ->
        C:\Program Files (x86)\Microsoft Visual Studio\2022\BuildTools\MSBuild\Microsoft\VC\v170\Microsoft.CppBuild.targets(548,5): warning MSB8029: The Interme
diate directory or Output directory cannot reside under the Temporary directory as it could lead to issues with incremental build. [C:\Users\pkidw\AppData\Local\Temp\tmpfnv2jc_f\build\vendor\llama.cpp\examples\llava\llava_static.vcxproj]


      "C:\Users\pkidw\AppData\Local\Temp\tmpfnv2jc_f\build\ALL_BUILD.vcxproj" (default target) (1) ->
      "C:\Users\pkidw\AppData\Local\Temp\tmpfnv2jc_f\build\vendor\llama.cpp\common\common.vcxproj" (default target) (10) ->
      (ClCompile target) ->
        C:\Users\pkidw\AppData\Local\Temp\pip-install-cfvsgpbi\llama-cpp-python_c82fd4343afa4b88ab294fe033ca0bc4\vendor\llama.cpp\common\common.cpp(432,32): error C2039: 'system_clock': is not a member of 'std::chrono' [C:\Users\pkidw\AppData\Local\Temp\tmpfnv2jc_f\build\vendor\llama.cpp\common\common.vcxproj]
        C:\Users\pkidw\AppData\Local\Temp\pip-install-cfvsgpbi\llama-cpp-python_c82fd4343afa4b88ab294fe033ca0bc4\vendor\llama.cpp\common\common.cpp(432,32): error C2061: syntax error: identifier 'system_clock' [C:\Users\pkidw\AppData\Local\Temp\tmpfnv2jc_f\build\vendor\llama.cpp\common\common.vcxproj]
        C:\Users\pkidw\AppData\Local\Temp\pip-install-cfvsgpbi\llama-cpp-python_c82fd4343afa4b88ab294fe033ca0bc4\vendor\llama.cpp\common\common.cpp(434,11): error C2653: 'clock': is not a class or namespace name [C:\Users\pkidw\AppData\Local\Temp\tmpfnv2jc_f\build\vendor\llama.cpp\common\common.vcxproj]
        C:\Users\pkidw\AppData\Local\Temp\pip-install-cfvsgpbi\llama-cpp-python_c82fd4343afa4b88ab294fe033ca0bc4\vendor\llama.cpp\common\common.cpp(434,5): erro
r C4430: missing type specifier - int assumed. Note: C++ does not support default-int [C:\Users\pkidw\AppData\Local\Temp\tmpfnv2jc_f\build\vendor\llama.cpp\common\common.vcxproj]
        C:\Users\pkidw\AppData\Local\Temp\pip-install-cfvsgpbi\llama-cpp-python_c82fd4343afa4b88ab294fe033ca0bc4\vendor\llama.cpp\common\common.cpp(434,29): err
or C2146: syntax error: missing ';' before identifier 'current_time' [C:\Users\pkidw\AppData\Local\Temp\tmpfnv2jc_f\build\vendor\llama.cpp\common\common.vcxproj]
        C:\Users\pkidw\AppData\Local\Temp\pip-install-cfvsgpbi\llama-cpp-python_c82fd4343afa4b88ab294fe033ca0bc4\vendor\llama.cpp\common\common.cpp(434,29): error C2065: 'current_time': undeclared identifier [C:\Users\pkidw\AppData\Local\Temp\tmpfnv2jc_f\build\vendor\llama.cpp\common\common.vcxproj]
        C:\Users\pkidw\AppData\Local\Temp\pip-install-cfvsgpbi\llama-cpp-python_c82fd4343afa4b88ab294fe033ca0bc4\vendor\llama.cpp\common\common.cpp(434,44): error C2653: 'clock': is not a class or namespace name [C:\Users\pkidw\AppData\Local\Temp\tmpfnv2jc_f\build\vendor\llama.cpp\common\common.vcxproj]
        C:\Users\pkidw\AppData\Local\Temp\pip-install-cfvsgpbi\llama-cpp-python_c82fd4343afa4b88ab294fe033ca0bc4\vendor\llama.cpp\common\common.cpp(434,51): error C3861: 'now': identifier not found [C:\Users\pkidw\AppData\Local\Temp\tmpfnv2jc_f\build\vendor\llama.cpp\common\common.vcxproj]
        C:\Users\pkidw\AppData\Local\Temp\pip-install-cfvsgpbi\llama-cpp-python_c82fd4343afa4b88ab294fe033ca0bc4\vendor\llama.cpp\common\common.cpp(435,30): error C2653: 'clock': is not a class or namespace name [C:\Users\pkidw\AppData\Local\Temp\tmpfnv2jc_f\build\vendor\llama.cpp\common\common.vcxproj]
        C:\Users\pkidw\AppData\Local\Temp\pip-install-cfvsgpbi\llama-cpp-python_c82fd4343afa4b88ab294fe033ca0bc4\vendor\llama.cpp\common\common.cpp(435,47): error C2065: 'current_time': undeclared identifier [C:\Users\pkidw\AppData\Local\Temp\tmpfnv2jc_f\build\vendor\llama.cpp\common\common.vcxproj]
        C:\Users\pkidw\AppData\Local\Temp\pip-install-cfvsgpbi\llama-cpp-python_c82fd4343afa4b88ab294fe033ca0bc4\vendor\llama.cpp\common\common.cpp(435,37): error C3861: 'to_time_t': identifier not found [C:\Users\pkidw\AppData\Local\Temp\tmpfnv2jc_f\build\vendor\llama.cpp\common\common.vcxproj]
        C:\Users\pkidw\AppData\Local\Temp\pip-install-cfvsgpbi\llama-cpp-python_c82fd4343afa4b88ab294fe033ca0bc4\vendor\llama.cpp\common\common.cpp(440,9): error C2065: 'current_time': undeclared identifier [C:\Users\pkidw\AppData\Local\Temp\tmpfnv2jc_f\build\vendor\llama.cpp\common\common.vcxproj]
        C:\Users\pkidw\AppData\Local\Temp\pip-install-cfvsgpbi\llama-cpp-python_c82fd4343afa4b88ab294fe033ca0bc4\vendor\llama.cpp\common\common.cpp(439,37): err
or C2672: 'std::chrono::duration_cast': no matching overloaded function found [C:\Users\pkidw\AppData\Local\Temp\tmpfnv2jc_f\build\vendor\llama.cpp\common\common.vcxproj]
        C:\Users\pkidw\AppData\Local\Temp\pip-install-cfvsgpbi\llama-cpp-python_c82fd4343afa4b88ab294fe033ca0bc4\vendor\llama.cpp\common\common.cpp(439,19): error C2737: 'ns': const object must be initialized [C:\Users\pkidw\AppData\Local\Temp\tmpfnv2jc_f\build\vendor\llama.cpp\common\common.vcxproj]
        C:\Users\pkidw\AppData\Local\Temp\pip-install-cfvsgpbi\llama-cpp-python_c82fd4343afa4b88ab294fe033ca0bc4\vendor\llama.cpp\common\log.cpp(28,79): error C2039: 'system_clock': is not a member of 'std::chrono' [C:\Users\pkidw\AppData\Local\Temp\tmpfnv2jc_f\build\vendor\llama.cpp\common\common.vcxproj]
        C:\Users\pkidw\AppData\Local\Temp\pip-install-cfvsgpbi\llama-cpp-python_c82fd4343afa4b88ab294fe033ca0bc4\vendor\llama.cpp\common\log.cpp(28,79): error C
3083: 'system_clock': the symbol to the left of a '::' must be a type [C:\Users\pkidw\AppData\Local\Temp\tmpfnv2jc_f\build\vendor\llama.cpp\common\common.vcxproj]
        C:\Users\pkidw\AppData\Local\Temp\pip-install-cfvsgpbi\llama-cpp-python_c82fd4343afa4b88ab294fe033ca0bc4\vendor\llama.cpp\common\log.cpp(28,93): error C2039: 'now': is not a member of 'std::chrono' [C:\Users\pkidw\AppData\Local\Temp\tmpfnv2jc_f\build\vendor\llama.cpp\common\common.vcxproj]
        C:\Users\pkidw\AppData\Local\Temp\pip-install-cfvsgpbi\llama-cpp-python_c82fd4343afa4b88ab294fe033ca0bc4\vendor\llama.cpp\common\log.cpp(28,93): error C3861: 'now': identifier not found [C:\Users\pkidw\AppData\Local\Temp\tmpfnv2jc_f\build\vendor\llama.cpp\common\common.vcxproj]
        C:\Users\pkidw\AppData\Local\Temp\pip-install-cfvsgpbi\llama-cpp-python_c82fd4343afa4b88ab294fe033ca0bc4\vendor\llama.cpp\common\log.cpp(28,25): error C
2672: 'std::chrono::duration_cast': no matching overloaded function found [C:\Users\pkidw\AppData\Local\Temp\tmpfnv2jc_f\build\vendor\llama.cpp\common\common.vcxproj]

          17 Warning(s)
          19 Error(s)

      Time Elapsed 00:00:53.65


      *** CMake build failed
      [end of output]

  note: This error originates from a subprocess, and is likely not a problem with pip.
  ERROR: Failed building wheel for llama-cpp-python
Failed to build llama-cpp-python
error: failed-wheel-build-for-install

× Failed to build installable wheels for some pyproject.toml based projects
╰─> llama-cpp-python
